<?xml version="1.0" encoding="utf-8"?><testsuites name="pytest tests"><testsuite name="pytest" errors="0" failures="0" skipped="0" tests="334" time="10.078" timestamp="2026-09-01T06:32:37.093905+05:30" hostname="DESKTOP-I15TJA2"><testcase classname="tests.integration.test_admin_endpoints.TestRBACEnforcement" name="test_no_jwt_returns_401_on_metrics" time="0.050" /><testcase classname="tests.integration.test_admin_endpoints.TestRBACEnforcement" name="test_no_jwt_returns_401_on_users" time="0.010" /><testcase classname="tests.integration.test_admin_endpoints.TestRBACEnforcement" name="test_no_jwt_returns_401_on_audit_logs" time="0.008" /><testcase classname="tests.integration.test_admin_endpoints.TestRBACEnforcement" name="test_no_jwt_returns_401_on_sessions" time="0.008" /><testcase classname="tests.integration.test_admin_endpoints.TestRBACEnforcement" name="test_user_role_jwt_returns_403_on_metrics" time="0.011" /><testcase classname="tests.integration.test_admin_endpoints.TestRBACEnforcement" name="test_premium_role_jwt_returns_403_on_metrics" time="0.009" /><testcase classname="tests.integration.test_admin_endpoints.TestRBACEnforcement" name="test_user_role_jwt_returns_403_on_users" time="0.010" /><testcase classname="tests.integration.test_admin_endpoints.TestRBACEnforcement" name="test_premium_role_jwt_returns_403_on_users" time="0.012" /><testcase classname="tests.integration.test_admin_endpoints.TestRBACEnforcement" name="test_user_role_jwt_returns_403_on_audit_logs" time="0.012" /><testcase classname="tests.integration.test_admin_endpoints.TestRBACEnforcement" name="test_user_role_jwt_returns_403_on_sessions" time="0.010" /><testcase classname="tests.integration.test_admin_endpoints.TestRBACEnforcement" name="test_user_role_jwt_returns_403_on_errors" time="0.013" /><testcase classname="tests.integration.test_admin_endpoints.TestRBACEnforcement" name="test_user_role_jwt_returns_403_on_feedback" time="0.012" /><testcase classname="tests.integration.test_admin_endpoints.TestRBACEnforcement" name="test_user_role_jwt_returns_403_on_patch_user" time="0.012" /><testcase classname="tests.integration.test_admin_endpoints.TestRBACEnforcement" name="test_admin_role_jwt_can_access_metrics" time="0.013" /><testcase classname="tests.integration.test_admin_endpoints.TestRBACEnforcement" name="test_admin_role_jwt_can_access_users" time="0.012" /><testcase classname="tests.integration.test_admin_endpoints.TestUserDeactivationFlow" name="test_deactivate_user_returns_200_with_tokens_revoked" time="0.014" /><testcase classname="tests.integration.test_admin_endpoints.TestUserDeactivationFlow" name="test_deactivated_user_jwt_is_rejected_with_401" time="0.012" /><testcase classname="tests.integration.test_admin_endpoints.TestUserDeactivationFlow" name="test_deactivated_user_jwt_rejected_on_non_admin_endpoint" time="0.029" /><testcase classname="tests.integration.test_admin_endpoints.TestUserDeactivationFlow" name="test_deactivation_sets_is_active_false" time="0.011" /><testcase classname="tests.integration.test_admin_endpoints.TestUserDeactivationFlow" name="test_reactivation_sets_is_active_true" time="0.009" /><testcase classname="tests.integration.test_admin_endpoints.TestUserManagement" name="test_list_users_returns_paginated_response" time="0.011" /><testcase classname="tests.integration.test_admin_endpoints.TestUserManagement" name="test_list_users_page_size_is_respected" time="0.011" /><testcase classname="tests.integration.test_admin_endpoints.TestUserManagement" name="test_search_by_email_filters_results" time="0.108" /><testcase classname="tests.integration.test_admin_endpoints.TestUserManagement" name="test_promote_user_returns_updated_role" time="0.011" /><testcase classname="tests.integration.test_admin_endpoints.TestUserManagement" name="test_demote_user_returns_updated_role" time="0.012" /><testcase classname="tests.integration.test_admin_endpoints.TestUserManagement" name="test_invalid_action_returns_400" time="0.011" /><testcase classname="tests.integration.test_admin_endpoints.TestUserManagement" name="test_user_list_items_contain_required_fields" time="0.012" /><testcase classname="tests.integration.test_admin_endpoints.TestSessionListAccuracy" name="test_sessions_endpoint_returns_200_for_admin" time="0.010" /><testcase classname="tests.integration.test_admin_endpoints.TestSessionListAccuracy" name="test_sessions_response_contains_required_top_level_fields" time="0.011" /><testcase classname="tests.integration.test_admin_endpoints.TestSessionListAccuracy" name="test_sessions_total_matches_sessions_list_length" time="0.012" /><testcase classname="tests.integration.test_admin_endpoints.TestSessionListAccuracy" name="test_session_entry_contains_required_fields" time="0.009" /><testcase classname="tests.integration.test_admin_endpoints.TestSessionListAccuracy" name="test_session_entry_field_values_are_accurate" time="0.009" /><testcase classname="tests.integration.test_admin_endpoints.TestSessionListAccuracy" name="test_empty_session_list_returns_total_zero" time="0.009" /><testcase classname="tests.integration.test_admin_endpoints.TestSessionListAccuracy" name="test_session_duration_is_non_negative" time="0.009" /><testcase classname="tests.integration.test_admin_endpoints.TestSessionListAccuracy" name="test_premium_role_returns_403_on_sessions" time="0.010" /><testcase classname="tests.integration.test_admin_endpoints.TestAuditLogFiltering" name="test_audit_logs_returns_paginated_structure" time="0.010" /><testcase classname="tests.integration.test_admin_endpoints.TestAuditLogFiltering" name="test_audit_log_entry_has_required_fields" time="0.009" /><testcase classname="tests.integration.test_admin_endpoints.TestAuditLogFiltering" name="test_audit_logs_filter_args_are_forwarded_to_service" time="0.012" /><testcase classname="tests.integration.test_admin_endpoints.TestAuditLogFiltering" name="test_premium_role_returns_403_on_audit_logs" time="0.009" /><testcase classname="tests.integration.test_admin_endpoints.TestMetricsFields" name="test_metrics_response_contains_all_required_fields" time="0.011" /><testcase classname="tests.integration.test_admin_endpoints.TestMetricsFields" name="test_metrics_numeric_fields_are_non_negative" time="0.011" /><testcase classname="tests.integration.test_admin_endpoints.TestMetricsFields" name="test_premium_role_returns_403_on_metrics" time="0.009" /><testcase classname="tests.integration.test_admin_endpoints.TestDeactivationForceLogout" name="test_deactivation_calls_service_with_correct_user_id_and_action" time="0.009" /><testcase classname="tests.integration.test_admin_endpoints.TestDeactivationForceLogout" name="test_tokens_revoked_field_reflects_service_count" time="0.009" /><testcase classname="tests.integration.test_admin_endpoints.TestDeactivationForceLogout" name="test_revoked_jti_returns_401_on_all_admin_read_endpoints" time="0.015" /><testcase classname="tests.integration.test_admin_endpoints.TestDeactivationForceLogout" name="test_deactivation_response_user_id_matches_target" time="0.011" /><testcase classname="tests.integration.test_admin_endpoints.TestDeactivationForceLogout" name="test_non_admin_cannot_deactivate_users" time="0.008" /><testcase classname="tests.integration.test_admin_endpoints.TestDeactivationForceLogout" name="test_premium_user_cannot_deactivate_users" time="0.008" /><testcase classname="tests.integration.test_ai_orchestrator_integration.TestWebSocketInjectionInMessageBody" name="test_injection_in_message_body_sends_error_event" time="0.016" /><testcase classname="tests.integration.test_ai_orchestrator_integration.TestWebSocketInjectionInMessageBody" name="test_injection_error_message_is_descriptive" time="0.013" /><testcase classname="tests.integration.test_ai_orchestrator_integration.TestWebSocketSafetyFilterBlocksResponse" name="test_safety_filter_blocks_response_sends_error_event" time="0.016" /><testcase classname="tests.integration.test_ai_orchestrator_integration.TestWebSocketSafetyFilterBlocksResponse" name="test_safety_filter_partial_tokens_before_error" time="0.013" /><testcase classname="tests.integration.test_ai_orchestrator_integration.TestWebSocketAllSixProviders" name="test_all_providers_return_done_event[openai]" time="0.013" /><testcase classname="tests.integration.test_ai_orchestrator_integration.TestWebSocketAllSixProviders" name="test_all_providers_return_done_event[gemini]" time="0.016" /><testcase classname="tests.integration.test_ai_orchestrator_integration.TestWebSocketAllSixProviders" name="test_all_providers_return_done_event[claude]" time="0.013" /><testcase classname="tests.integration.test_ai_orchestrator_integration.TestWebSocketAllSixProviders" name="test_all_providers_return_done_event[ollama]" time="0.012" /><testcase classname="tests.integration.test_ai_orchestrator_integration.TestWebSocketAllSixProviders" name="test_all_providers_return_done_event[llama]" time="0.015" /><testcase classname="tests.integration.test_ai_orchestrator_integration.TestWebSocketAllSixProviders" name="test_all_providers_return_done_event[mistral]" time="0.013" /><testcase classname="tests.integration.test_ai_orchestrator_integration.TestWebSocketAllSixProviders" name="test_invalid_provider_sends_error" time="0.013" /><testcase classname="tests.integration.test_auth_flows.TestFullAuthCycle" name="test_register_returns_201_with_tokens" time="0.023" /><testcase classname="tests.integration.test_auth_flows.TestFullAuthCycle" name="test_register_duplicate_email_returns_409" time="0.009" /><testcase classname="tests.integration.test_auth_flows.TestFullAuthCycle" name="test_register_short_password_returns_422" time="0.009" /><testcase classname="tests.integration.test_auth_flows.TestFullAuthCycle" name="test_login_with_valid_credentials_returns_200_with_tokens" time="0.018" /><testcase classname="tests.integration.test_auth_flows.TestFullAuthCycle" name="test_login_unknown_email_returns_401" time="0.012" /><testcase classname="tests.integration.test_auth_flows.TestFullAuthCycle" name="test_login_wrong_password_returns_401" time="0.010" /><testcase classname="tests.integration.test_auth_flows.TestFullAuthCycle" name="test_refresh_with_valid_token_returns_200_and_new_tokens" time="0.010" /><testcase classname="tests.integration.test_auth_flows.TestFullAuthCycle" name="test_refresh_with_invalid_token_returns_401" time="0.008" /><testcase classname="tests.integration.test_auth_flows.TestFullAuthCycle" name="test_refresh_with_replayed_token_returns_401" time="0.008" /><testcase classname="tests.integration.test_auth_flows.TestFullAuthCycle" name="test_logout_returns_200_and_revokes_tokens" time="0.009" /><testcase classname="tests.integration.test_auth_flows.TestFullAuthCycle" name="test_logout_without_jwt_returns_401" time="0.009" /><testcase classname="tests.integration.test_auth_flows.TestFullAuthCycle" name="test_refresh_after_logout_returns_401" time="0.016" /><testcase classname="tests.integration.test_auth_flows.TestGoogleOAuthFlow" name="test_new_google_user_returns_200_is_new_user_true" time="0.017" /><testcase classname="tests.integration.test_auth_flows.TestGoogleOAuthFlow" name="test_existing_google_user_returns_200_is_new_user_false" time="0.017" /><testcase classname="tests.integration.test_auth_flows.TestGoogleOAuthFlow" name="test_google_links_to_existing_email_account" time="0.016" /><testcase classname="tests.integration.test_auth_flows.TestGoogleOAuthFlow" name="test_invalid_google_token_returns_401" time="0.011" /><testcase classname="tests.integration.test_auth_flows.TestAccountLockout" name="test_first_four_failures_return_401_without_lockout" time="0.016" /><testcase classname="tests.integration.test_auth_flows.TestAccountLockout" name="test_fifth_failure_triggers_lockout_status" time="0.024" /><testcase classname="tests.integration.test_auth_flows.TestAccountLockout" name="test_correct_password_during_lockout_still_returns_locked_status" time="0.012" /><testcase classname="tests.integration.test_auth_flows.TestAccountLockout" name="test_audit_logs_recorded_for_failed_attempts" time="0.014" /><testcase classname="tests.integration.test_code_analyze_endpoint.TestAuthIntegration" name="test_no_token_returns_401_or_403" time="0.010" /><testcase classname="tests.integration.test_code_analyze_endpoint.TestAuthIntegration" name="test_valid_token_returns_200" time="0.011" /><testcase classname="tests.integration.test_code_analyze_endpoint.TestAuthIntegration" name="test_malformed_token_returns_401" time="0.011" /><testcase classname="tests.integration.test_code_analyze_endpoint.TestAuthIntegration" name="test_revoked_token_returns_401" time="0.010" /><testcase classname="tests.integration.test_code_analyze_endpoint.TestResponseContractIntegration" name="test_action_echoed_in_response[explain-## What it does\nComputes factorial recursively.\n\n## How it works\nBase case returns 1; otherwise multiplies n \xd7 factorial(n-1).\n\n## Improvements\n- Add a guard for negative inputs.\n- Consider iterative to avoid stack overflow on large n.]" time="0.011" /><testcase classname="tests.integration.test_code_analyze_endpoint.TestResponseContractIntegration" name="test_action_echoed_in_response[fix_bug-def factorial(n):\n    if n &lt; 0:  # FIX: guard against negative input\n        raise ValueError('n must be &gt;= 0')\n    if n &lt;= 1:\n        return 1\n    return n * factorial(n - 1)\n]" time="0.011" /><testcase classname="tests.integration.test_code_analyze_endpoint.TestResponseContractIntegration" name="test_action_echoed_in_response[generate_tests-import pytest\n\ndef test_factorial_base():\n    # Arrange\n    n = 0\n    # Act\n    result = factorial(n)\n    # Assert\n    assert result == 1\n\ndef test_factorial_negative_raises():\n    with pytest.raises(ValueError):\n        factorial(-1)\n]" time="0.011" /><testcase classname="tests.integration.test_code_analyze_endpoint.TestResponseContractIntegration" name="test_language_id_echoed" time="0.012" /><testcase classname="tests.integration.test_code_analyze_endpoint.TestResponseContractIntegration" name="test_original_code_echoed_exactly" time="0.011" /><testcase classname="tests.integration.test_code_analyze_endpoint.TestResponseContractIntegration" name="test_content_is_llm_result" time="0.010" /><testcase classname="tests.integration.test_code_analyze_endpoint.TestResponseContractIntegration" name="test_all_four_fields_present" time="0.010" /><testcase classname="tests.integration.test_code_analyze_endpoint.TestSupportedLanguagesIntegration" name="test_language_accepted_and_echoed[kotlin]" time="0.010" /><testcase classname="tests.integration.test_code_analyze_endpoint.TestSupportedLanguagesIntegration" name="test_language_accepted_and_echoed[java]" time="0.012" /><testcase classname="tests.integration.test_code_analyze_endpoint.TestSupportedLanguagesIntegration" name="test_language_accepted_and_echoed[python]" time="0.010" /><testcase classname="tests.integration.test_code_analyze_endpoint.TestSupportedLanguagesIntegration" name="test_language_accepted_and_echoed[javascript]" time="0.010" /><testcase classname="tests.integration.test_code_analyze_endpoint.TestSupportedLanguagesIntegration" name="test_language_accepted_and_echoed[cpp]" time="0.010" /><testcase classname="tests.integration.test_code_analyze_endpoint.TestSupportedLanguagesIntegration" name="test_language_accepted_and_echoed[sql]" time="0.010" /><testcase classname="tests.integration.test_code_analyze_endpoint.TestInjectionBlockingIntegration" name="test_injection_returns_400" time="0.011" /><testcase classname="tests.integration.test_code_analyze_endpoint.TestInjectionBlockingIntegration" name="test_injection_error_code_in_body" time="0.011" /><testcase classname="tests.integration.test_code_analyze_endpoint.TestInjectionBlockingIntegration" name="test_llm_not_called_on_injection" time="0.011" /><testcase classname="tests.integration.test_code_analyze_endpoint.TestInjectionBlockingIntegration" name="test_clean_code_passes_injection_check" time="0.009" /><testcase classname="tests.integration.test_code_analyze_endpoint.TestErrorHandlingIntegration" name="test_llm_exception_returns_503" time="0.011" /><testcase classname="tests.integration.test_code_analyze_endpoint.TestErrorHandlingIntegration" name="test_timeout_returns_504" time="0.010" /><testcase classname="tests.integration.test_code_analyze_endpoint.TestErrorHandlingIntegration" name="test_504_detail_mentions_timeout" time="0.011" /><testcase classname="tests.integration.test_code_analyze_endpoint.TestErrorHandlingIntegration" name="test_503_body_has_detail" time="0.010" /><testcase classname="tests.integration.test_code_analyze_endpoint.TestInputValidationIntegration" name="test_empty_code_rejected" time="0.011" /><testcase classname="tests.integration.test_code_analyze_endpoint.TestInputValidationIntegration" name="test_code_over_100k_rejected" time="0.012" /><testcase classname="tests.integration.test_code_analyze_endpoint.TestInputValidationIntegration" name="test_code_exactly_100k_accepted" time="0.023" /><testcase classname="tests.integration.test_code_analyze_endpoint.TestInputValidationIntegration" name="test_unsupported_language_rejected" time="0.010" /><testcase classname="tests.integration.test_code_analyze_endpoint.TestInputValidationIntegration" name="test_unsupported_action_rejected" time="0.009" /><testcase classname="tests.integration.test_code_analyze_endpoint.TestInputValidationIntegration" name="test_missing_all_fields_rejected" time="0.011" /><testcase classname="tests.integration.test_code_analyze_endpoint.TestMaxTokensPerAction" name="test_correct_max_tokens_passed[explain-2048]" time="0.010" /><testcase classname="tests.integration.test_code_analyze_endpoint.TestMaxTokensPerAction" name="test_correct_max_tokens_passed[fix_bug-2048]" time="0.010" /><testcase classname="tests.integration.test_code_analyze_endpoint.TestMaxTokensPerAction" name="test_correct_max_tokens_passed[generate_tests-3072]" time="0.009" /><testcase classname="tests.integration.test_conversation_endpoints.TestSoftDeleteBehaviour" name="test_delete_returns_204_no_content" time="0.028" /><testcase classname="tests.integration.test_conversation_endpoints.TestSoftDeleteBehaviour" name="test_soft_deleted_conversation_excluded_from_list" time="0.009" /><testcase classname="tests.integration.test_conversation_endpoints.TestSoftDeleteBehaviour" name="test_get_soft_deleted_conversation_returns_404" time="0.009" /><testcase classname="tests.integration.test_conversation_endpoints.TestSoftDeleteBehaviour" name="test_soft_delete_row_retained_in_db" time="0.010" /><testcase classname="tests.integration.test_conversation_endpoints.TestSoftDeleteBehaviour" name="test_delete_another_users_conversation_returns_404" time="0.009" /><testcase classname="tests.integration.test_conversation_endpoints.TestPaginationBoundaries" name="test_first_page_returns_correct_items" time="0.012" /><testcase classname="tests.integration.test_conversation_endpoints.TestPaginationBoundaries" name="test_last_page_returns_remaining_items" time="0.010" /><testcase classname="tests.integration.test_conversation_endpoints.TestPaginationBoundaries" name="test_page_boundary_items_dont_overlap" time="0.015" /><testcase classname="tests.integration.test_conversation_endpoints.TestPaginationBoundaries" name="test_beyond_last_page_returns_empty_items" time="0.010" /><testcase classname="tests.integration.test_conversation_endpoints.TestPaginationBoundaries" name="test_total_reflects_all_non_deleted_conversations" time="0.118" /><testcase classname="tests.integration.test_conversation_endpoints.TestPaginationBoundaries" name="test_invalid_page_zero_returns_422" time="0.010" /><testcase classname="tests.integration.test_conversation_endpoints.TestSearchByTitleAndContent" name="test_listing_with_title_match_returns_filtered_results" time="0.009" /><testcase classname="tests.integration.test_conversation_endpoints.TestSearchByTitleAndContent" name="test_listing_with_no_match_returns_empty" time="0.010" /><testcase classname="tests.integration.test_conversation_endpoints.TestSearchByTitleAndContent" name="test_search_is_scoped_to_current_user" time="0.009" /><testcase classname="tests.integration.test_conversation_endpoints.TestSearchByTitleAndContent" name="test_search_results_contain_only_matching_conversations" time="0.012" /><testcase classname="tests.integration.test_conversation_endpoints.TestExportFormatCorrectness" name="test_markdown_export_returns_text_markdown_content_type" time="0.010" /><testcase classname="tests.integration.test_conversation_endpoints.TestExportFormatCorrectness" name="test_markdown_export_content_disposition_is_attachment" time="0.010" /><testcase classname="tests.integration.test_conversation_endpoints.TestExportFormatCorrectness" name="test_markdown_export_body_contains_title_and_messages" time="0.010" /><testcase classname="tests.integration.test_conversation_endpoints.TestExportFormatCorrectness" name="test_markdown_export_body_is_non_empty_for_conversation_with_messages" time="0.012" /><testcase classname="tests.integration.test_conversation_endpoints.TestExportFormatCorrectness" name="test_pdf_export_returns_application_pdf_content_type" time="0.010" /><testcase classname="tests.integration.test_conversation_endpoints.TestExportFormatCorrectness" name="test_pdf_export_content_disposition_is_attachment_with_pdf_filename" time="0.010" /><testcase classname="tests.integration.test_conversation_endpoints.TestExportFormatCorrectness" name="test_export_invalid_format_returns_422" time="0.010" /><testcase classname="tests.integration.test_conversation_endpoints.TestExportFormatCorrectness" name="test_export_soft_deleted_conversation_returns_404" time="0.010" /><testcase classname="tests.integration.test_conversation_endpoints.TestExportFormatCorrectness" name="test_export_without_auth_returns_401" time="0.007" /><testcase classname="tests.integration.test_conversation_endpoints.TestConversationCRUD" name="test_create_conversation_returns_201_with_data" time="0.012" /><testcase classname="tests.integration.test_conversation_endpoints.TestConversationCRUD" name="test_get_conversation_returns_200_for_own_conversation" time="0.009" /><testcase classname="tests.integration.test_conversation_endpoints.TestConversationCRUD" name="test_patch_conversation_renames_title" time="0.010" /><testcase classname="tests.integration.test_conversation_endpoints.TestConversationCRUD" name="test_patch_conversation_sets_is_pinned" time="0.011" /><testcase classname="tests.integration.test_conversation_endpoints.TestConversationCRUD" name="test_unauthenticated_list_returns_401" time="0.008" /><testcase classname="tests.integration.test_conversation_endpoints.TestConversationCRUD" name="test_response_schema_contains_all_required_fields" time="0.009" /><testcase classname="tests.integration.test_cost_aggregation_and_alerts.TestPerUserScopingHttp403" name="test_get_cost_returns_403_for_foreign_user_id" time="0.016" /><testcase classname="tests.integration.test_cost_aggregation_and_alerts.TestPerUserScopingHttp403" name="test_get_cost_does_not_return_403_for_own_user_id" time="0.008" /><testcase classname="tests.integration.test_cost_aggregation_and_alerts.TestPerUserScopingHttp403" name="test_get_cost_without_user_id_param_uses_auth_user" time="0.007" /><testcase classname="tests.integration.test_cost_aggregation_and_alerts.TestPerUserScopingHttp403" name="test_unauthenticated_request_returns_401" time="0.006" /><testcase classname="tests.integration.test_cost_aggregation_and_alerts.TestPerUserScopingHttp403" name="test_cost_data_response_structure" time="0.007" /><testcase classname="tests.integration.test_cost_aggregation_and_alerts.TestAlertThresholdCrud" name="test_list_alerts_returns_200_with_empty_list" time="0.008" /><testcase classname="tests.integration.test_cost_aggregation_and_alerts.TestAlertThresholdCrud" name="test_list_alerts_returns_all_user_alerts" time="0.008" /><testcase classname="tests.integration.test_cost_aggregation_and_alerts.TestAlertThresholdCrud" name="test_list_alerts_unauthenticated_returns_401" time="0.006" /><testcase classname="tests.integration.test_cost_aggregation_and_alerts.TestAlertThresholdCrud" name="test_create_alert_returns_201_with_valid_threshold" time="0.009" /><testcase classname="tests.integration.test_cost_aggregation_and_alerts.TestAlertThresholdCrud" name="test_create_alert_at_minimum_threshold_returns_201" time="0.009" /><testcase classname="tests.integration.test_cost_aggregation_and_alerts.TestAlertThresholdCrud" name="test_create_alert_at_maximum_threshold_returns_201" time="0.009" /><testcase classname="tests.integration.test_cost_aggregation_and_alerts.TestAlertThresholdCrud" name="test_create_alert_returns_422_for_threshold_below_minimum" time="0.008" /><testcase classname="tests.integration.test_cost_aggregation_and_alerts.TestAlertThresholdCrud" name="test_create_alert_returns_422_for_threshold_above_maximum" time="0.008" /><testcase classname="tests.integration.test_cost_aggregation_and_alerts.TestAlertThresholdCrud" name="test_create_alert_returns_422_when_limit_of_3_exceeded" time="0.007" /><testcase classname="tests.integration.test_cost_aggregation_and_alerts.TestAlertThresholdCrud" name="test_create_alert_unauthenticated_returns_401" time="0.006" /><testcase classname="tests.integration.test_env_var_readiness.TestReadyEnvVarValidation" name="test_ready_returns_503_when_required_var_missing[SECRET_KEY]" time="0.008" /><testcase classname="tests.integration.test_env_var_readiness.TestReadyEnvVarValidation" name="test_ready_returns_503_when_required_var_missing[DATABASE_URL]" time="0.006" /><testcase classname="tests.integration.test_env_var_readiness.TestReadyEnvVarValidation" name="test_ready_returns_503_when_required_var_missing[REDIS_URL]" time="0.007" /><testcase classname="tests.integration.test_env_var_readiness.TestReadyEnvVarValidation" name="test_ready_returns_503_when_required_var_missing[AES_ENCRYPTION_KEY]" time="0.006" /><testcase classname="tests.integration.test_env_var_readiness.TestReadyEnvVarValidation" name="test_ready_returns_200_when_all_vars_present" time="0.008" /><testcase classname="tests.integration.test_gdpr_flows.TestDataExportEndpoint" name="test_export_enqueues_celery_task_and_returns_job_id" time="0.180" /><testcase classname="tests.integration.test_gdpr_flows.TestDataExportEndpoint" name="test_export_without_auth_returns_401" time="0.007" /><testcase classname="tests.integration.test_gdpr_flows.TestAccountDeletionEndpoint" name="test_deletion_with_correct_email_schedules_task_and_returns_200" time="0.012" /><testcase classname="tests.integration.test_gdpr_flows.TestAccountDeletionEndpoint" name="test_deletion_with_wrong_email_returns_400" time="0.012" /><testcase classname="tests.integration.test_gdpr_flows.TestAccountDeletionEndpoint" name="test_deletion_without_auth_returns_401" time="0.007" /><testcase classname="tests.integration.test_gdpr_flows.TestAccountDeletionEndpoint" name="test_deletion_returns_404_when_user_not_found" time="0.012" /><testcase classname="tests.integration.test_gdpr_flows.TestAccountDeletionEndpoint" name="test_deletion_email_check_is_case_insensitive" time="0.012" /><testcase classname="tests.integration.test_gdpr_flows.TestExportWorkerTask" name="test_export_archive_contains_all_data_types" time="0.024" /><testcase classname="tests.integration.test_gdpr_flows.TestDeleteWorkerTask" name="test_deletion_removes_only_target_user_not_others" time="0.008" /><testcase classname="tests.integration.test_gdpr_flows.TestDeleteWorkerTask" name="test_deletion_handles_chromadb_exception_gracefully" time="0.010" /><testcase classname="tests.integration.test_gdpr_flows.TestDeleteWorkerTask" name="test_deletion_handles_missing_chromadb_host_gracefully" time="0.007" /><testcase classname="tests.integration.test_health_and_generation_endpoints.TestHealthEndpointIntegration" name="test_health_returns_200" time="0.006" /><testcase classname="tests.integration.test_health_and_generation_endpoints.TestHealthEndpointIntegration" name="test_health_body_is_status_ok" time="0.005" /><testcase classname="tests.integration.test_health_and_generation_endpoints.TestReadyEndpointIntegration" name="test_ready_200_when_both_healthy" time="0.005" /><testcase classname="tests.integration.test_health_and_generation_endpoints.TestReadyEndpointIntegration" name="test_ready_503_when_db_unreachable" time="0.005" /><testcase classname="tests.integration.test_health_and_generation_endpoints.TestReadyEndpointIntegration" name="test_ready_503_when_redis_unreachable" time="0.005" /><testcase classname="tests.integration.test_health_and_generation_endpoints.TestReadyEndpointIntegration" name="test_ready_503_when_both_db_and_redis_unreachable" time="0.007" /><testcase classname="tests.integration.test_health_and_generation_endpoints.TestImageAnalyzeEndpoint" name="test_valid_jpeg_with_text_returns_extracted_text" time="0.015" /><testcase classname="tests.integration.test_health_and_generation_endpoints.TestImageAnalyzeEndpoint" name="test_valid_png_no_text_returns_no_text_found" time="0.006" /><testcase classname="tests.integration.test_health_and_generation_endpoints.TestImageAnalyzeEndpoint" name="test_invalid_format_pdf_returns_422" time="0.005" /><testcase classname="tests.integration.test_health_and_generation_endpoints.TestImageAnalyzeEndpoint" name="test_file_too_large_returns_422" time="0.062" /><testcase classname="tests.integration.test_health_and_generation_endpoints.TestImageAnalyzeEndpoint" name="test_image_too_large_resolution_returns_422" time="0.007" /><testcase classname="tests.integration.test_health_and_generation_endpoints.TestImageAnalyzeEndpoint" name="test_valid_image_with_prompt_and_vision_provider_returns_analysis" time="0.008" /><testcase classname="tests.integration.test_health_and_generation_endpoints.TestImageAnalyzeEndpoint" name="test_no_vision_capable_provider_returns_structured_error" time="0.007" /><testcase classname="tests.integration.test_health_and_generation_endpoints.TestTranscriptionEndpoint" name="test_valid_audio_returns_transcript" time="0.009" /><testcase classname="tests.integration.test_health_and_generation_endpoints.TestTranscriptionEndpoint" name="test_invalid_audio_format_returns_422" time="0.005" /><testcase classname="tests.integration.test_health_and_generation_endpoints.TestResumeGenerateEndpoint" name="test_valid_inputs_return_resume_markdown" time="0.009" /><testcase classname="tests.integration.test_health_and_generation_endpoints.TestResumeGenerateEndpoint" name="test_missing_work_experience_returns_422" time="0.005" /><testcase classname="tests.integration.test_health_and_generation_endpoints.TestResumeGenerateEndpoint" name="test_missing_contact_info_returns_422" time="0.005" /><testcase classname="tests.integration.test_health_and_generation_endpoints.TestResumeGenerateEndpoint" name="test_missing_job_description_returns_422" time="0.005" /><testcase classname="tests.integration.test_health_and_generation_endpoints.TestCoverLetterGenerateEndpoint" name="test_valid_inputs_return_cover_letter" time="0.010" /><testcase classname="tests.integration.test_health_and_generation_endpoints.TestCoverLetterGenerateEndpoint" name="test_missing_job_description_returns_422" time="0.005" /><testcase classname="tests.integration.test_health_and_generation_endpoints.TestCoverLetterGenerateEndpoint" name="test_missing_resume_data_returns_422" time="0.005" /><testcase classname="tests.integration.test_health_and_generation_endpoints.TestEmailGenerateEndpoint" name="test_valid_inputs_return_four_components" time="0.009" /><testcase classname="tests.integration.test_health_and_generation_endpoints.TestEmailGrammarEndpoint" name="test_grammar_correction_with_changes_returns_diff" time="0.006" /><testcase classname="tests.integration.test_health_and_generation_endpoints.TestEmailGrammarEndpoint" name="test_grammar_no_changes_returns_no_changes_needed_true" time="0.005" /><testcase classname="tests.integration.test_health_and_generation_endpoints.TestTranslateEndpoint" name="test_online_translation_routes_to_orchestrator" time="0.006" /><testcase classname="tests.integration.test_health_and_generation_endpoints.TestTranslateEndpoint" name="test_offline_translation_returns_stub_response" time="0.005" /><testcase classname="tests.integration.test_health_and_generation_endpoints.TestTranslateEndpoint" name="test_text_exceeding_limit_returns_422" time="0.005" /><testcase classname="tests.integration.test_persona_endpoints.TestPersonaEndpointsAuth" name="test_create_persona_unauthenticated" time="0.020" /><testcase classname="tests.integration.test_persona_endpoints.TestPersonaEndpointsAuth" name="test_list_personas_unauthenticated" time="0.007" /><testcase classname="tests.integration.test_persona_endpoints.TestPersonaEndpointsCreate" name="test_create_persona_name_validation_too_long" time="0.010" /><testcase classname="tests.integration.test_persona_endpoints.TestPersonaEndpointsCreate" name="test_create_persona_prompt_validation_too_long" time="0.008" /><testcase classname="tests.integration.test_persona_endpoints.TestPersonaEndpointsCreate" name="test_create_persona_empty_name" time="0.008" /><testcase classname="tests.integration.test_persona_endpoints.TestPersonaEndpointsCreate" name="test_create_persona_injection_rejected" time="0.009" /><testcase classname="tests.integration.test_persona_endpoints.TestPersonaEndpointsCreate" name="test_create_persona_limit_reached" time="0.012" /><testcase classname="tests.integration.test_persona_endpoints.TestPersonaEndpointsCreate" name="test_create_persona_success" time="0.010" /><testcase classname="tests.integration.test_persona_endpoints.TestPersonaEndpointsUpdate" name="test_update_persona_admin_locked_forbidden" time="0.010" /><testcase classname="tests.integration.test_persona_endpoints.TestPersonaEndpointsUpdate" name="test_update_persona_not_found" time="0.009" /><testcase classname="tests.integration.test_persona_endpoints.TestPersonaEndpointsUpdate" name="test_update_persona_injection_rejected" time="0.013" /><testcase classname="tests.integration.test_persona_endpoints.TestPersonaEndpointsDelete" name="test_delete_persona_admin_locked_forbidden" time="0.010" /><testcase classname="tests.integration.test_persona_endpoints.TestPersonaEndpointsDelete" name="test_delete_persona_not_found" time="0.010" /><testcase classname="tests.integration.test_persona_endpoints.TestPersonaEndpointsDelete" name="test_delete_persona_success" time="0.009" /><testcase classname="tests.integration.test_persona_endpoints.TestPersonaEndpointsList" name="test_list_personas_returns_own_and_allowed_admin_locked" time="0.010" /><testcase classname="tests.integration.test_productivity_endpoints.TestTodoCrud" name="test_create_todo_returns_201" time="0.062" /><testcase classname="tests.integration.test_productivity_endpoints.TestTodoCrud" name="test_list_todos_returns_200_with_pagination" time="0.011" /><testcase classname="tests.integration.test_productivity_endpoints.TestTodoCrud" name="test_get_todo_by_id_returns_200" time="0.011" /><testcase classname="tests.integration.test_productivity_endpoints.TestTodoCrud" name="test_get_todo_not_found_returns_404" time="0.008" /><testcase classname="tests.integration.test_productivity_endpoints.TestTodoCrud" name="test_update_todo_returns_200_with_updated_fields" time="0.010" /><testcase classname="tests.integration.test_productivity_endpoints.TestTodoCrud" name="test_delete_todo_returns_204" time="0.011" /><testcase classname="tests.integration.test_productivity_endpoints.TestCalendarEventCrud" name="test_create_calendar_event_returns_201" time="0.009" /><testcase classname="tests.integration.test_productivity_endpoints.TestCalendarEventCrud" name="test_list_calendar_events_returns_200" time="0.009" /><testcase classname="tests.integration.test_productivity_endpoints.TestCalendarEventCrud" name="test_update_calendar_event_returns_200" time="0.009" /><testcase classname="tests.integration.test_productivity_endpoints.TestCalendarEventCrud" name="test_delete_calendar_event_returns_204" time="0.010" /><testcase classname="tests.integration.test_productivity_endpoints.TestCalendarEventCrud" name="test_update_calendar_event_not_found_returns_404" time="0.011" /><testcase classname="tests.integration.test_productivity_endpoints.TestReminderCrud" name="test_create_reminder_returns_201" time="0.013" /><testcase classname="tests.integration.test_productivity_endpoints.TestReminderCrud" name="test_list_reminders_returns_200" time="0.009" /><testcase classname="tests.integration.test_productivity_endpoints.TestReminderCrud" name="test_update_reminder_returns_200" time="0.009" /><testcase classname="tests.integration.test_productivity_endpoints.TestReminderCrud" name="test_delete_reminder_returns_204" time="0.010" /><testcase classname="tests.integration.test_productivity_endpoints.TestReminderCrud" name="test_reminder_not_found_returns_404" time="0.009" /><testcase classname="tests.integration.test_productivity_endpoints.TestHabitCrud" name="test_create_habit_returns_201" time="0.011" /><testcase classname="tests.integration.test_productivity_endpoints.TestHabitCrud" name="test_list_habits_returns_200" time="0.012" /><testcase classname="tests.integration.test_productivity_endpoints.TestHabitCrud" name="test_update_habit_returns_200" time="0.009" /><testcase classname="tests.integration.test_productivity_endpoints.TestHabitCrud" name="test_delete_habit_returns_204" time="0.009" /><testcase classname="tests.integration.test_productivity_endpoints.TestHabitCrud" name="test_log_habit_entry_returns_201" time="0.012" /><testcase classname="tests.integration.test_productivity_endpoints.TestHabitCrud" name="test_habit_not_found_returns_404" time="0.010" /><testcase classname="tests.integration.test_productivity_endpoints.TestAIAssistedEndpoints" name="test_generate_todos_returns_list" time="0.010" /><testcase classname="tests.integration.test_productivity_endpoints.TestAIAssistedEndpoints" name="test_suggest_meeting_times_returns_suggestions" time="0.013" /><testcase classname="tests.integration.test_productivity_endpoints.TestAIAssistedEndpoints" name="test_suggest_reminder_returns_suggestion_and_rationale" time="0.010" /><testcase classname="tests.integration.test_productivity_endpoints.TestAIAssistedEndpoints" name="test_get_habit_insights_returns_insights_string" time="0.009" /><testcase classname="tests.integration.test_productivity_endpoints.TestUserScoping" name="test_user_b_cannot_get_user_a_todo_returns_404" time="0.009" /><testcase classname="tests.integration.test_productivity_endpoints.TestUserScoping" name="test_user_b_cannot_delete_user_a_calendar_event_returns_404" time="0.008" /><testcase classname="tests.integration.test_productivity_endpoints.TestUserScoping" name="test_user_b_cannot_patch_user_a_reminder_returns_404" time="0.008" /><testcase classname="tests.integration.test_productivity_endpoints.TestUserScoping" name="test_user_b_cannot_patch_user_a_habit_returns_404" time="0.010" /><testcase classname="tests.integration.test_productivity_endpoints.TestAuthenticationGuard" name="test_unauthenticated_get_todos_returns_401" time="0.006" /><testcase classname="tests.integration.test_productivity_endpoints.TestAuthenticationGuard" name="test_unauthenticated_post_calendar_event_returns_401" time="0.008" /><testcase classname="tests.integration.test_productivity_endpoints.TestAuthenticationGuard" name="test_unauthenticated_get_reminders_returns_401" time="0.007" /><testcase classname="tests.integration.test_productivity_endpoints.TestAuthenticationGuard" name="test_unauthenticated_get_habits_returns_401" time="0.007" /><testcase classname="tests.integration.test_rag_pipeline.TestFullRoundTrip" name="test_upload_returns_202_with_document_and_job_ids" time="0.041" /><testcase classname="tests.integration.test_rag_pipeline.TestFullRoundTrip" name="test_ingestion_pipeline_produces_chunks_in_postgresql" time="0.011" /><testcase classname="tests.integration.test_rag_pipeline.TestJobLifecycle" name="test_upload_creates_job_in_queued_status" time="0.114" /><testcase classname="tests.integration.test_rag_pipeline.TestJobLifecycle" name="test_get_job_status_returns_queued" time="0.013" /><testcase classname="tests.integration.test_rag_pipeline.TestJobLifecycle" name="test_get_job_status_returns_completed_after_ingestion" time="0.011" /><testcase classname="tests.integration.test_rag_pipeline.TestQueryReturnsCitations" name="test_query_response_citations_have_document_name_and_page_number" time="0.011" /><testcase classname="tests.integration.test_rag_pipeline.TestQueryReturnsCitations" name="test_query_no_results_returns_empty_citations" time="0.011" /><testcase classname="tests.integration.test_rag_pipeline.TestDeleteRemovesAllData" name="test_delete_calls_repo_delete_and_rag_service_cleanup" time="0.014" /><testcase classname="tests.integration.test_rag_pipeline.TestDeleteRemovesAllData" name="test_get_document_returns_404_after_deletion" time="0.011" /><testcase classname="tests.integration.test_rag_pipeline.TestDeleteRemovesAllData" name="test_delete_nonexistent_document_returns_404" time="0.011" /><testcase classname="tests.integration.test_rag_pipeline.TestCrossUserIsolation" name="test_user_b_cannot_delete_user_a_document" time="0.011" /><testcase classname="tests.integration.test_rag_pipeline.TestCrossUserIsolation" name="test_user_b_cannot_view_user_a_job" time="0.011" /><testcase classname="tests.integration.test_rag_pipeline.TestCrossUserIsolation" name="test_user_b_query_only_sees_own_documents" time="0.009" /><testcase classname="tests.integration.test_rag_pipeline.TestUploadValidationFailures" name="test_unsupported_file_format_returns_422_without_storage" time="0.011" /><testcase classname="tests.integration.test_rag_pipeline.TestUploadValidationFailures" name="test_oversized_file_returns_422_without_storage" time="0.254" /><testcase classname="tests.integration.test_rag_pipeline.TestExtractionFailure" name="test_extraction_error_sets_document_and_job_to_failed" time="0.011" /><testcase classname="tests.integration.test_rag_pipeline.TestFullPipelineCycle" name="test_full_pipeline_cycle" time="0.080" /><testcase classname="tests.integration.test_security_and_data_privacy_29_2.TestAuthenticatedRateLimit" name="test_first_request_within_limit_passes" time="0.012" /><testcase classname="tests.integration.test_security_and_data_privacy_29_2.TestAuthenticatedRateLimit" name="test_60th_request_exactly_at_limit_passes" time="0.008" /><testcase classname="tests.integration.test_security_and_data_privacy_29_2.TestAuthenticatedRateLimit" name="test_61st_request_over_limit_returns_429" time="0.009" /><testcase classname="tests.integration.test_security_and_data_privacy_29_2.TestAuthenticatedRateLimit" name="test_429_response_includes_retry_after_header" time="0.010" /><testcase classname="tests.integration.test_security_and_data_privacy_29_2.TestAuthenticatedRateLimit" name="test_429_response_body_describes_rate_limit" time="0.008" /><testcase classname="tests.integration.test_security_and_data_privacy_29_2.TestUnauthenticatedIPRateLimit" name="test_first_unauthenticated_request_passes" time="0.010" /><testcase classname="tests.integration.test_security_and_data_privacy_29_2.TestUnauthenticatedIPRateLimit" name="test_20th_request_exactly_at_limit_passes" time="0.009" /><testcase classname="tests.integration.test_security_and_data_privacy_29_2.TestUnauthenticatedIPRateLimit" name="test_21st_request_over_limit_returns_429" time="0.008" /><testcase classname="tests.integration.test_security_and_data_privacy_29_2.TestUnauthenticatedIPRateLimit" name="test_429_includes_retry_after_header" time="0.009" /><testcase classname="tests.integration.test_security_and_data_privacy_29_2.TestUnauthenticatedIPRateLimit" name="test_xff_header_is_used_for_ip_extraction" time="0.009" /><testcase classname="tests.integration.test_security_and_data_privacy_29_2.TestUnauthenticatedIPRateLimit" name="test_authenticated_user_uses_user_tier_not_ip_tier" time="0.009" /><testcase classname="tests.integration.test_security_and_data_privacy_29_2.TestAes256Encryption" name="test_encrypt_decrypt_round_trip" time="0.026" /><testcase classname="tests.integration.test_security_and_data_privacy_29_2.TestAes256Encryption" name="test_encrypted_blob_is_bytes" time="0.029" /><testcase classname="tests.integration.test_security_and_data_privacy_29_2.TestAes256Encryption" name="test_fresh_nonce_each_call_produces_different_ciphertext" time="0.027" /><testcase classname="tests.integration.test_security_and_data_privacy_29_2.TestAes256Encryption" name="test_empty_plaintext_raises_value_error" time="0.006" /><testcase classname="tests.integration.test_security_and_data_privacy_29_2.TestAes256Encryption" name="test_plaintext_not_in_api_key_model_repr" time="0.073" /><testcase classname="tests.integration.test_security_and_data_privacy_29_2.TestAes256Encryption" name="test_tampered_blob_raises_on_decrypt" time="0.021" /><testcase classname="tests.integration.test_security_and_data_privacy_29_2.TestParameterizedQueryEnforcement" name="test_data_export_calls_orm_job_create" time="0.032" /><testcase classname="tests.integration.test_security_and_data_privacy_29_2.TestParameterizedQueryEnforcement" name="test_data_delete_calls_orm_user_get_by_id" time="0.007" /><testcase classname="tests.integration.test_security_and_data_privacy_29_2.TestDataExportWorkflow" name="test_export_returns_200_with_job_id" time="0.008" /><testcase classname="tests.integration.test_security_and_data_privacy_29_2.TestDataExportWorkflow" name="test_export_enqueues_celery_task_with_correct_args" time="0.007" /><testcase classname="tests.integration.test_security_and_data_privacy_29_2.TestDataExportWorkflow" name="test_export_estimated_completion_24_hours" time="0.009" /><testcase classname="tests.integration.test_security_and_data_privacy_29_2.TestDataExportWorkflow" name="test_export_requires_authentication" time="0.006" /><testcase classname="tests.integration.test_security_and_data_privacy_29_2.TestDataExportWorkflow" name="test_export_commits_db_session" time="0.009" /><testcase classname="tests.integration.test_security_and_data_privacy_29_2.TestDataAccountDeletionWorkflow" name="test_deletion_with_correct_email_returns_200" time="0.006" /><testcase classname="tests.integration.test_security_and_data_privacy_29_2.TestDataAccountDeletionWorkflow" name="test_deletion_enqueues_celery_task_with_user_id" time="0.007" /><testcase classname="tests.integration.test_security_and_data_privacy_29_2.TestDataAccountDeletionWorkflow" name="test_deletion_wrong_email_returns_400" time="0.006" /><testcase classname="tests.integration.test_security_and_data_privacy_29_2.TestDataAccountDeletionWorkflow" name="test_deletion_email_comparison_is_case_insensitive" time="0.007" /><testcase classname="tests.integration.test_security_and_data_privacy_29_2.TestDataAccountDeletionWorkflow" name="test_deletion_estimated_completion_72_hours" time="0.007" /><testcase classname="tests.integration.test_security_and_data_privacy_29_2.TestDataAccountDeletionWorkflow" name="test_deletion_user_not_found_returns_404" time="0.007" /><testcase classname="tests.integration.test_security_and_data_privacy_29_2.TestDataAccountDeletionWorkflow" name="test_deletion_requires_authentication" time="0.007" /><testcase classname="tests.integration.test_security_and_data_privacy_29_2.TestDataResidencyRejection" name="test_post_with_wrong_region_returns_403" time="0.006" /><testcase classname="tests.integration.test_security_and_data_privacy_29_2.TestDataResidencyRejection" name="test_put_with_wrong_region_returns_403" time="0.005" /><testcase classname="tests.integration.test_security_and_data_privacy_29_2.TestDataResidencyRejection" name="test_patch_with_wrong_region_returns_403" time="0.005" /><testcase classname="tests.integration.test_security_and_data_privacy_29_2.TestDataResidencyRejection" name="test_delete_with_wrong_region_returns_403" time="0.006" /><testcase classname="tests.integration.test_security_and_data_privacy_29_2.TestDataResidencyRejection" name="test_post_with_matching_region_passes" time="0.005" /><testcase classname="tests.integration.test_security_and_data_privacy_29_2.TestDataResidencyRejection" name="test_region_check_is_case_insensitive" time="0.006" /><testcase classname="tests.integration.test_security_and_data_privacy_29_2.TestDataResidencyRejection" name="test_absent_region_header_allows_write" time="0.005" /><testcase classname="tests.integration.test_security_and_data_privacy_29_2.TestDataResidencyRejection" name="test_get_request_not_blocked_by_wrong_region" time="0.005" /><testcase classname="tests.integration.test_security_and_data_privacy_29_2.TestDataResidencyRejection" name="test_no_region_configured_allows_all_writes" time="0.007" /><testcase classname="tests.integration.test_security_and_data_privacy_29_2.TestDataResidencyRejection" name="test_403_response_body_contains_violation_detail" time="0.005" /><testcase classname="tests.integration.test_security_and_data_privacy_29_2.TestDataResidencyRejection" name="test_data_export_endpoint_rejected_by_residency" time="0.005" /><testcase classname="tests.integration.test_security_and_data_privacy_29_2.TestDataResidencyRejection" name="test_data_delete_endpoint_rejected_by_residency" time="0.005" /><testcase classname="tests.integration.test_security_middleware.TestRateLimitIntegration" name="test_authenticated_rate_limit_returns_429" time="0.008" /><testcase classname="tests.integration.test_security_middleware.TestRateLimitIntegration" name="test_unauthenticated_rate_limit_returns_429" time="0.009" /><testcase classname="tests.integration.test_security_middleware.TestRateLimitIntegration" name="test_authenticated_rate_limit_under_limit_passes" time="0.011" /><testcase classname="tests.integration.test_security_middleware.TestRateLimitIntegration" name="test_unauthenticated_under_limit_passes" time="0.010" /><testcase classname="tests.integration.test_security_middleware.TestDataResidencyIntegration" name="test_data_residency_rejects_post_with_wrong_region" time="0.007" /><testcase classname="tests.integration.test_security_middleware.TestDataResidencyIntegration" name="test_data_residency_allows_get_with_wrong_region" time="0.007" /><testcase classname="tests.integration.test_security_middleware.TestDataResidencyIntegration" name="test_data_residency_allows_correct_region" time="0.007" /><testcase classname="tests.integration.test_security_middleware.TestDataResidencyIntegration" name="test_data_residency_allows_missing_header" time="0.007" /><testcase classname="tests.integration.test_security_middleware.TestDataResidencyIntegration" name="test_data_residency_disabled_when_no_region" time="0.006" /><testcase classname="tests.integration.test_security_middleware.TestDeviceTokenEndpoint" name="test_device_token_update_returns_200" time="0.018" /><testcase classname="tests.integration.test_security_middleware.TestAdminKeysEndpoint" name="test_admin_keys_endpoint_never_returns_plaintext_key" time="0.042" /><testcase classname="tests.integration.test_websocket.TestValidJwtTokenStreaming" name="test_tokens_and_done_event_received" time="0.015" /><testcase classname="tests.integration.test_websocket.TestValidJwtTokenStreaming" name="test_token_events_have_correct_schema" time="0.015" /><testcase classname="tests.integration.test_websocket.TestValidJwtTokenStreaming" name="test_done_event_usage_contains_required_fields" time="0.012" /><testcase classname="tests.integration.test_websocket.TestInvalidJwtRejection" name="test_missing_token_sends_error_and_closes" time="0.009" /><testcase classname="tests.integration.test_websocket.TestInvalidJwtRejection" name="test_malformed_token_sends_error_and_closes" time="0.009" /><testcase classname="tests.integration.test_websocket.TestInvalidJwtRejection" name="test_expired_token_sends_error_and_closes" time="0.010" /><testcase classname="tests.integration.test_websocket.TestInvalidJwtRejection" name="test_revoked_token_sends_error_and_closes" time="0.012" /><testcase classname="tests.integration.test_websocket.TestBufferDeliveryOnReconnect" name="test_buffered_tokens_delivered_before_new_stream" time="0.014" /><testcase classname="tests.integration.test_websocket.TestBufferDeliveryOnReconnect" name="test_no_buffered_tokens_proceeds_normally" time="0.015" /><testcase classname="tests.integration.test_websocket.TestBufferDeliveryOnReconnect" name="test_redis_buffer_cleared_after_flush" time="0.015" /><testcase classname="tests.integration.test_websocket.TestHeartbeatTimeoutClose" name="test_server_closes_connection_on_heartbeat_timeout" time="0.133" /><testcase classname="tests.integration.test_websocket.TestHeartbeatTimeoutClose" name="test_connection_stays_open_when_pong_sent" time="0.013" /></testsuite></testsuites>