============================= test session starts =============================
collecting ... collected 74 items

tests/unit/test_llm_exceptions.py::TestLLMExceptionHierarchy::test_all_are_llm_error_subclasses PASSED [  1%]
tests/unit/test_llm_exceptions.py::TestLLMExceptionHierarchy::test_base_llm_error_message PASSED [  2%]
tests/unit/test_llm_exceptions.py::TestLLMConfigurationError::test_message_and_provider PASSED [  4%]
tests/unit/test_llm_exceptions.py::TestLLMRateLimitError::test_retry_after_seconds PASSED [  5%]
tests/unit/test_llm_exceptions.py::TestLLMRateLimitError::test_default_retry_after PASSED [  6%]
tests/unit/test_llm_exceptions.py::TestLLMRateLimitError::test_message_preserved PASSED [  8%]
tests/unit/test_llm_exceptions.py::TestLLMQuotaError::test_retry_after_seconds PASSED [  9%]
tests/unit/test_llm_exceptions.py::TestLLMQuotaError::test_default_retry_after_is_zero PASSED [ 10%]
tests/unit/test_llm_exceptions.py::TestLLMTimeoutError::test_timeout_seconds PASSED [ 12%]
tests/unit/test_llm_exceptions.py::TestLLMTimeoutError::test_default_timeout_is_zero PASSED [ 13%]
tests/unit/test_llm_exceptions.py::TestLLMProviderError::test_status_code_and_transient PASSED [ 14%]
tests/unit/test_llm_exceptions.py::TestLLMProviderError::test_permanent_error PASSED [ 16%]
tests/unit/test_llm_exceptions.py::TestLLMProviderError::test_defaults PASSED [ 17%]
tests/unit/test_llm_exceptions.py::TestLLMPromptTooLargeError::test_prompt_chars_and_limit PASSED [ 18%]
tests/unit/test_llm_exceptions.py::TestLLMPromptTooLargeError::test_message_preserved PASSED [ 20%]
tests/unit/test_llm_config.py::TestNewLLMSettings::test_gemini_model_default PASSED [ 21%]
tests/unit/test_llm_config.py::TestNewLLMSettings::test_gemini_fallback_model_default PASSED [ 22%]
tests/unit/test_llm_config.py::TestNewLLMSettings::test_gemini_fallback_model_override PASSED [ 24%]
tests/unit/test_llm_config.py::TestNewLLMSettings::test_llm_enable_fallback_default PASSED [ 25%]
tests/unit/test_llm_config.py::TestNewLLMSettings::test_llm_enable_fallback_override PASSED [ 27%]
tests/unit/test_llm_config.py::TestNewLLMSettings::test_llm_temperature_default PASSED [ 28%]
tests/unit/test_llm_config.py::TestNewLLMSettings::test_llm_temperature_override PASSED [ 29%]
tests/unit/test_llm_config.py::TestNewLLMSettings::test_llm_max_output_tokens_default PASSED [ 31%]
tests/unit/test_llm_config.py::TestNewLLMSettings::test_llm_max_retry_attempts_default PASSED [ 32%]
tests/unit/test_llm_config.py::TestNewLLMSettings::test_llm_retry_base_delay_default PASSED [ 33%]
tests/unit/test_llm_config.py::TestNewLLMSettings::test_llm_log_prompts_default_false PASSED [ 35%]
tests/unit/test_llm_config.py::TestNewLLMSettings::test_llm_log_prompts_override PASSED [ 36%]
tests/unit/test_llm_config.py::TestNewLLMSettings::test_llm_prompt_max_chars_default PASSED [ 37%]
tests/unit/test_llm_config.py::TestNewLLMSettings::test_run_llm_integration_tests_default_false PASSED [ 39%]
tests/unit/test_llm_config.py::TestNewLLMSettings::test_run_llm_integration_tests_override PASSED [ 40%]
tests/unit/test_llm_config.py::TestNewLLMSettings::test_gemini_model_override PASSED [ 41%]
tests/unit/test_prompt_builder.py::TestPromptBuilderBasic::test_returns_llm_request PASSED [ 43%]
tests/unit/test_prompt_builder.py::TestPromptBuilderBasic::test_prompt_is_string PASSED [ 44%]
tests/unit/test_prompt_builder.py::TestPromptBuilderBasic::test_system_section_present PASSED [ 45%]
tests/unit/test_prompt_builder.py::TestPromptBuilderBasic::test_default_system_prompt_used_when_omitted PASSED [ 47%]
tests/unit/test_prompt_builder.py::TestPromptBuilderBasic::test_system_section_is_first PASSED [ 48%]
tests/unit/test_prompt_builder.py::TestPromptBuilderBasic::test_question_is_last PASSED [ 50%]
tests/unit/test_prompt_builder.py::TestPromptBuilderBasic::test_user_message_in_prompt PASSED [ 51%]
tests/unit/test_prompt_builder.py::TestPromptBuilderRag::test_rag_context_wrapped_in_delimiters PASSED [ 52%]
tests/unit/test_prompt_builder.py::TestPromptBuilderRag::test_no_rag_section_when_empty PASSED [ 54%]
tests/unit/test_prompt_builder.py::TestPromptBuilderRag::test_no_rag_section_when_none PASSED [ 55%]
tests/unit/test_prompt_builder.py::TestPromptBuilderRag::test_multiple_rag_chunks_numbered PASSED [ 56%]
tests/unit/test_prompt_builder.py::TestPromptBuilderRag::test_large_rag_chunk_truncated PASSED [ 58%]
tests/unit/test_prompt_builder.py::TestPromptBuilderHistory::test_history_included PASSED [ 59%]
tests/unit/test_prompt_builder.py::TestPromptBuilderHistory::test_no_history_section_when_empty PASSED [ 60%]
tests/unit/test_prompt_builder.py::TestPromptBuilderHistory::test_no_history_section_when_none PASSED [ 62%]
tests/unit/test_prompt_builder.py::TestPromptBuilderHistory::test_user_label_in_history PASSED [ 63%]
tests/unit/test_prompt_builder.py::TestPromptBuilderHistory::test_assistant_label_in_history PASSED [ 64%]
tests/unit/test_prompt_builder.py::TestPromptBuilderTruncation::test_prompt_within_limit PASSED [ 66%]
tests/unit/test_prompt_builder.py::TestPromptBuilderTruncation::test_large_history_truncated PASSED [ 67%]
tests/unit/test_prompt_builder.py::TestPromptBuilderTruncation::test_question_always_preserved PASSED [ 68%]
tests/unit/test_prompt_builder.py::TestPromptBuilderComplexity::test_simple_request PASSED [ 70%]
tests/unit/test_prompt_builder.py::TestPromptBuilderComplexity::test_complex_request_architect PASSED [ 71%]
tests/unit/test_prompt_builder.py::TestPromptBuilderComplexity::test_complex_request_analyze PASSED [ 72%]
tests/unit/test_prompt_builder.py::TestPromptBuilderComplexity::test_complex_request_migration FAILED [ 74%]
tests/unit/test_prompt_builder.py::TestPromptBuilderComplexity::test_complex_request_security_audit PASSED [ 75%]
tests/unit/test_prompt_builder.py::TestPromptBuilderComplexity::test_classify_complexity_static PASSED [ 77%]
tests/unit/test_prompt_builder.py::TestPromptBuilderFields::test_user_id_set PASSED [ 78%]
tests/unit/test_prompt_builder.py::TestPromptBuilderFields::test_request_id_set PASSED [ 79%]
tests/unit/test_prompt_builder.py::TestPromptBuilderFields::test_conversation_id_set PASSED [ 81%]
tests/unit/test_prompt_builder.py::TestPromptBuilderFields::test_max_output_tokens_passed_through PASSED [ 82%]
tests/unit/test_prompt_builder.py::TestPromptBuilderFields::test_temperature_passed_through PASSED [ 83%]
tests/unit/test_prompt_builder.py::TestPromptBuilderFields::test_rag_context_stored_on_request PASSED [ 85%]
tests/unit/test_llm_service.py::TestLLMServiceRouting::test_simple_request_routes_to_gemini PASSED [ 86%]
tests/unit/test_llm_service.py::TestLLMServiceRouting::test_complex_request_routes_to_gemini PASSED [ 87%]
tests/unit/test_llm_service.py::TestLLMServiceRouting::test_local_complexity_routes_to_gemma PASSED [ 89%]
tests/unit/test_llm_service.py::TestLLMServiceRouting::test_default_provider_gemma_routes_to_gemma PASSED [ 90%]
tests/unit/test_llm_service.py::TestLLMServiceFallback::test_provider_fallback_invoked_on_error PASSED [ 91%]
tests/unit/test_llm_service.py::TestLLMServiceFallback::test_configuration_error_bypasses_fallback PASSED [ 93%]
tests/unit/test_llm_service.py::TestLLMServiceFallback::test_both_providers_fail_raises_llm_provider_error PASSED [ 94%]
tests/unit/test_llm_service.py::TestLLMServiceFallback::test_no_fallback_configured_error_propagates PASSED [ 95%]
tests/unit/test_llm_service.py::TestLLMServiceProviderCache::test_same_instance_returned_on_repeated_calls PASSED [ 97%]
tests/unit/test_llm_service.py::TestLLMServiceProviderCache::test_unknown_provider_raises_configuration_error PASSED [ 98%]
tests/unit/test_llm_service.py::TestGetLLMService::test_returns_same_singleton PASSED [100%]

================================== FAILURES ===================================
_________ TestPromptBuilderComplexity.test_complex_request_migration __________
tests\unit\test_prompt_builder.py:253: in test_complex_request_migration
    assert result.complexity == "complex"
E   AssertionError: assert 'simple' == 'complex'
E     
E     - complex
E     + simple
=========================== short test summary info ===========================
FAILED tests/unit/test_prompt_builder.py::TestPromptBuilderComplexity::test_complex_request_migration
======================== 1 failed, 73 passed in 2.45s =========================
