<?xml version="1.0" encoding="utf-8"?><testsuites name="pytest tests"><testsuite name="pytest" errors="0" failures="0" skipped="0" tests="1230" time="65.733" timestamp="2026-09-01T06:31:28.810871+05:30" hostname="DESKTOP-I15TJA2"><properties>
[...]
</properties><testcase classname="tests.unit.test_admin_endpoints.TestRequireAdminDependency" name="test_admin_role_passes" time="0.007" /><testcase classname="tests.unit.test_admin_endpoints.TestRequireAdminDependency" name="test_non_admin_role_raises_403" time="0.005" /><testcase classname="tests.unit.test_admin_endpoints.TestUpdateUserDeactivation" name="test_deactivate_revokes_refresh_tokens" time="0.008" /><testcase classname="tests.unit.test_admin_endpoints.TestUpdateUserDeactivation" name="test_deactivate_sets_force_logout_redis_key" time="0.009" /><testcase classname="tests.unit.test_admin_endpoints.TestUpdateUserDeactivation" name="test_promote_does_not_revoke_tokens" time="0.007" /><testcase classname="tests.unit.test_admin_endpoints.TestUpdateUserDeactivation" name="test_update_user_not_found_raises_value_error" time="0.009" /><testcase classname="tests.unit.test_admin_endpoints.TestUpdateUserDeactivation" name="test_update_user_invalid_action_raises_value_error" time="0.007" /><testcase classname="tests.unit.test_admin_endpoints.TestGetMetrics" name="test_returns_metrics_response" time="0.011" /><testcase classname="tests.unit.test_admin_endpoints.TestListUsers" name="test_returns_paginated_response" time="0.009" /><testcase classname="tests.unit.test_admin_endpoints.TestListUsers" name="test_empty_result" time="0.008" /><testcase classname="tests.unit.test_admin_endpoints.TestFeedbackExport" name="test_csv_has_header_row" time="0.007" /><testcase classname="tests.unit.test_admin_endpoints.TestFeedbackExport" name="test_csv_contains_feedback_rows" time="0.011" /><testcase classname="tests.unit.test_admin_endpoints.TestGetActiveSessions" name="test_empty_redis_returns_empty_list" time="0.005" /><testcase classname="tests.unit.test_admin_endpoints.TestGetActiveSessions" name="test_session_keys_returned_as_session_info" time="0.008" /><testcase classname="tests.unit.test_admin_endpoints.TestRemoteConfig" name="test_update_remote_config_key_stores_in_redis" time="0.008" /><testcase classname="tests.unit.test_admin_endpoints.TestRemoteConfig" name="test_get_remote_config_returns_empty_list_when_no_data" time="0.007" /><testcase classname="tests.unit.test_admin_endpoints.TestRemoteConfig" name="test_publish_remote_config_updates_published_at" time="0.006" /><testcase classname="tests.unit.test_admin_endpoints.TestAdminSchemas" name="test_user_update_request_valid_actions" time="0.003" /><testcase classname="tests.unit.test_admin_endpoints.TestAdminSchemas" name="test_metrics_response_schema" time="0.003" /><testcase classname="tests.unit.test_admin_endpoints.TestAdminSchemas" name="test_session_info_schema" time="0.004" /><testcase classname="tests.unit.test_admin_endpoints.TestCeleryMetrics" name="test_get_celery_metrics_returns_schema" time="0.010" /><testcase classname="tests.unit.test_admin_endpoints.TestCeleryMetrics" name="test_get_celery_metrics_falls_back_to_zeros_on_error" time="0.006" /><testcase classname="tests.unit.test_admin_endpoints.TestCeleryMetrics" name="test_get_celery_metrics_handles_no_workers" time="0.007" /><testcase classname="tests.unit.test_admin_endpoints.TestCeleryMetrics" name="test_celery_metrics_response_schema" time="0.004" /><testcase classname="tests.unit.test_admin_endpoints.TestUsageAnalytics" name="test_get_usage_analytics_returns_schema" time="0.007" /><testcase classname="tests.unit.test_admin_endpoints.TestUsageAnalytics" name="test_get_usage_analytics_empty_returns_empty_list" time="0.005" /><testcase classname="tests.unit.test_admin_endpoints.TestUsageAnalytics" name="test_usage_analytics_item_schema" time="0.003" /><testcase classname="tests.unit.test_admin_endpoints.TestUsageAnalytics" name="test_usage_analytics_response_schema" time="0.004" /><testcase classname="tests.unit.test_ai_orchestrator_complete.TestStreamChatEmitsTokensInOrder" name="test_stream_chat_emits_tokens_in_order" time="0.014" /><testcase classname="tests.unit.test_ai_orchestrator_complete.TestStreamChatInjectionNoDbWrite" name="test_stream_chat_injection_no_db_write" time="0.007" /><testcase classname="tests.unit.test_ai_orchestrator_complete.TestStreamChatInjectionSendsErrorEvent" name="test_stream_chat_injection_sends_error_event" time="0.008" /><testcase classname="tests.unit.test_ai_orchestrator_complete.TestStreamChatParametrizedAllProviders" name="test_stream_chat_parametrized_all_providers[openai]" time="0.010" /><testcase classname="tests.unit.test_ai_orchestrator_complete.TestStreamChatParametrizedAllProviders" name="test_stream_chat_parametrized_all_providers[gemini]" time="0.016" /><testcase classname="tests.unit.test_ai_orchestrator_complete.TestStreamChatParametrizedAllProviders" name="test_stream_chat_parametrized_all_providers[claude]" time="0.010" /><testcase classname="tests.unit.test_ai_orchestrator_complete.TestStreamChatParametrizedAllProviders" name="test_stream_chat_parametrized_all_providers[ollama]" time="0.011" /><testcase classname="tests.unit.test_ai_orchestrator_complete.TestStreamChatParametrizedAllProviders" name="test_stream_chat_parametrized_all_providers[llama]" time="0.016" /><testcase classname="tests.unit.test_ai_orchestrator_complete.TestStreamChatParametrizedAllProviders" name="test_stream_chat_parametrized_all_providers[mistral]" time="0.011" /><testcase classname="tests.unit.test_ai_orchestrator_complete.TestSummarizeHistoryFallsBackOnFailure" name="test_summarize_history_falls_back_on_failure" time="0.008" /><testcase classname="tests.unit.test_ai_orchestrator_complete.TestSummarizeHistoryProducesSummaryPrefix" name="test_summarize_history_produces_summary_prefix" time="0.010" /><testcase classname="tests.unit.test_ai_orchestrator_complete.TestBuildPromptIncludesMemoryInjection" name="test_build_prompt_includes_memory_injection" time="0.007" /><testcase classname="tests.unit.test_ai_orchestrator_complete.TestStreamChatSafetyFilterBlocksResponse" name="test_stream_chat_safety_filter_blocks_response" time="0.010" /><testcase classname="tests.unit.test_ai_orchestrator_complete.TestStreamChatSafetyFilterAllowsCleanTokens" name="test_stream_chat_safety_filter_allows_clean_tokens" time="0.012" /><testcase classname="tests.unit.test_ai_orchestrator_complete.TestTokenUsageCostZeroForSelfHosted" name="test_token_usage_cost_zero_for_self_hosted[ollama]" time="0.012" /><testcase classname="tests.unit.test_ai_orchestrator_complete.TestTokenUsageCostZeroForSelfHosted" name="test_token_usage_cost_zero_for_self_hosted[llama]" time="0.010" /><testcase classname="tests.unit.test_ai_orchestrator_complete.TestTokenUsageCostZeroForSelfHosted" name="test_token_usage_cost_zero_for_self_hosted[mistral]" time="0.012" /><testcase classname="tests.unit.test_ai_orchestrator_complete.TestTokenUsageCostPositiveForCommercial" name="test_token_usage_cost_positive_for_commercial" time="0.010" /><testcase classname="tests.unit.test_ai_orchestrator_complete.TestTokenUsageProviderMatchesActiveProvider" name="test_token_usage_provider_matches_active_provider" time="0.032" /><testcase classname="tests.unit.test_ai_orchestrator_complete.TestMemoryFailureDoesNotBreakStreaming" name="test_memory_failure_does_not_break_streaming" time="0.030" /><testcase classname="tests.unit.test_ai_orchestrator_complete.TestResolveProviderRaisesOnMissingOpenAIKey" name="test_resolve_provider_raises_on_missing_openai_key" time="0.032" /><testcase classname="tests.unit.test_ai_orchestrator_complete.TestResolveProviderRaisesOnMissingClaudeKey" name="test_resolve_provider_raises_on_missing_claude_key" time="0.026" /><testcase classname="tests.unit.test_ai_orchestrator_provider_selection.TestResolveProviderReturnsCorrectClientType" name="test_returns_correct_concrete_client[openai]" time="0.025" /><testcase classname="tests.unit.test_ai_orchestrator_provider_selection.TestResolveProviderReturnsCorrectClientType" name="test_returns_correct_concrete_client[gemini]" time="0.009" /><testcase classname="tests.unit.test_ai_orchestrator_provider_selection.TestResolveProviderReturnsCorrectClientType" name="test_returns_correct_concrete_client[claude]" time="0.007" /><testcase classname="tests.unit.test_ai_orchestrator_provider_selection.TestResolveProviderReturnsCorrectClientType" name="test_returns_correct_concrete_client[ollama]" time="0.008" /><testcase classname="tests.unit.test_ai_orchestrator_provider_selection.TestResolveProviderReturnsCorrectClientType" name="test_returns_correct_concrete_client[llama]" time="0.007" /><testcase classname="tests.unit.test_ai_orchestrator_provider_selection.TestResolveProviderReturnsCorrectClientType" name="test_returns_correct_concrete_client[mistral]" time="0.010" /><testcase classname="tests.unit.test_ai_orchestrator_provider_selection.TestResolveProviderCaching" name="test_same_instance_returned_on_second_call" time="0.007" /><testcase classname="tests.unit.test_ai_orchestrator_provider_selection.TestResolveProviderCaching" name="test_different_providers_return_different_instances" time="0.009" /><testcase classname="tests.unit.test_ai_orchestrator_provider_selection.TestResolveProviderCaching" name="test_all_six_providers_cached_independently" time="0.009" /><testcase classname="tests.unit.test_ai_orchestrator_provider_selection.TestResolveProviderUnsupported" name="test_raises_value_error_for_unknown_provider" time="0.008" /><testcase classname="tests.unit.test_ai_orchestrator_provider_selection.TestNoNoticeOnPrimarySuccess" name="test_no_notice_when_primary_succeeds" time="0.032" /><testcase classname="tests.unit.test_ai_orchestrator_provider_selection.TestNoNoticeOnPrimarySuccess" name="test_no_notice_for_each_provider_on_success[openai]" time="0.031" /><testcase classname="tests.unit.test_ai_orchestrator_provider_selection.TestNoNoticeOnPrimarySuccess" name="test_no_notice_for_each_provider_on_success[gemini]" time="0.031" /><testcase classname="tests.unit.test_ai_orchestrator_provider_selection.TestNoNoticeOnPrimarySuccess" name="test_no_notice_for_each_provider_on_success[claude]" time="0.035" /><testcase classname="tests.unit.test_ai_orchestrator_provider_selection.TestNoNoticeOnPrimarySuccess" name="test_no_notice_for_each_provider_on_success[ollama]" time="0.029" /><testcase classname="tests.unit.test_ai_orchestrator_provider_selection.TestNoNoticeOnPrimarySuccess" name="test_no_notice_for_each_provider_on_success[llama]" time="0.031" /><testcase classname="tests.unit.test_ai_orchestrator_provider_selection.TestNoNoticeOnPrimarySuccess" name="test_no_notice_for_each_provider_on_success[mistral]" time="0.029" /><testcase classname="tests.unit.test_ai_orchestrator_provider_selection.TestFallbackTriggersForAllProviders" name="test_fallback_used_for_each_provider[openai]" time="0.029" /><testcase classname="tests.unit.test_ai_orchestrator_provider_selection.TestFallbackTriggersForAllProviders" name="test_fallback_used_for_each_provider[gemini]" time="0.031" /><testcase classname="tests.unit.test_ai_orchestrator_provider_selection.TestFallbackTriggersForAllProviders" name="test_fallback_used_for_each_provider[claude]" time="0.033" /><testcase classname="tests.unit.test_ai_orchestrator_provider_selection.TestFallbackTriggersForAllProviders" name="test_fallback_used_for_each_provider[ollama]" time="0.031" /><testcase classname="tests.unit.test_ai_orchestrator_provider_selection.TestFallbackTriggersForAllProviders" name="test_fallback_used_for_each_provider[llama]" time="0.127" /><testcase classname="tests.unit.test_ai_orchestrator_provider_selection.TestFallbackTriggersForAllProviders" name="test_fallback_used_for_each_provider[mistral]" time="0.030" /><testcase classname="tests.unit.test_ai_orchestrator_provider_selection.TestAllSixClientsMocked" name="test_fallback_delivers_correct_tokens_from_mock" time="0.034" /><testcase classname="tests.unit.test_ai_orchestrator_provider_selection.TestAllSixClientsMocked" name="test_notice_and_tokens_for_all_provider_combinations[openai\u2192claude]" time="0.034" /><testcase classname="tests.unit.test_ai_orchestrator_provider_selection.TestAllSixClientsMocked" name="test_notice_and_tokens_for_all_provider_combinations[gemini\u2192openai]" time="0.042" /><testcase classname="tests.unit.test_ai_orchestrator_provider_selection.TestAllSixClientsMocked" name="test_notice_and_tokens_for_all_provider_combinations[claude\u2192mistral]" time="0.033" /><testcase classname="tests.unit.test_ai_orchestrator_provider_selection.TestAllSixClientsMocked" name="test_notice_and_tokens_for_all_provider_combinations[ollama\u2192llama]" time="0.033" /><testcase classname="tests.unit.test_ai_orchestrator_provider_selection.TestAllSixClientsMocked" name="test_notice_and_tokens_for_all_provider_combinations[llama\u2192ollama]" time="0.032" /><testcase classname="tests.unit.test_ai_orchestrator_provider_selection.TestAllSixClientsMocked" name="test_notice_and_tokens_for_all_provider_combinations[mistral\u2192gemini]" time="0.036" /><testcase classname="tests.unit.test_ai_orchestrator_provider_selection.TestNoFallbackWhenFallbackEqualsPrimary" name="test_exception_propagates_when_fallback_equals_primary" time="0.032" /><testcase classname="tests.unit.test_ai_orchestrator_provider_selection.TestDoneEventAlwaysEmitted" name="test_done_event_on_primary_success" time="0.031" /><testcase classname="tests.unit.test_ai_orchestrator_provider_selection.TestDoneEventAlwaysEmitted" name="test_done_event_on_fallback_success" time="0.033" /><testcase classname="tests.unit.test_ai_orchestrator_provider_selection.TestNoticeMessageContent" name="test_notice_names_both_providers[openai\u2192claude]" time="0.038" /><testcase classname="tests.unit.test_ai_orchestrator_provider_selection.TestNoticeMessageContent" name="test_notice_names_both_providers[gemini\u2192mistral]" time="0.041" /><testcase classname="tests.unit.test_ai_orchestrator_provider_selection.TestNoticeMessageContent" name="test_notice_names_both_providers[claude\u2192llama]" time="0.039" /><testcase classname="tests.unit.test_auth_router.TestRegisterEndpoint" name="test_register_success_returns_201" time="0.031" /><testcase classname="tests.unit.test_auth_router.TestRegisterEndpoint" name="test_register_duplicate_email_returns_409" time="0.016" /><testcase classname="tests.unit.test_auth_router.TestRegisterEndpoint" name="test_register_password_too_short_returns_422" time="0.013" /><testcase classname="tests.unit.test_auth_router.TestRegisterEndpoint" name="test_register_invalid_email_returns_422" time="0.015" /><testcase classname="tests.unit.test_auth_router.TestLoginEndpoint" name="test_login_success_returns_200_with_tokens" time="0.018" /><testcase classname="tests.unit.test_auth_router.TestLoginEndpoint" name="test_login_wrong_password_returns_401" time="0.018" /><testcase classname="tests.unit.test_auth_router.TestLoginEndpoint" name="test_login_unknown_email_returns_401" time="0.015" /><testcase classname="tests.unit.test_auth_router.TestLoginEndpoint" name="test_login_locked_account_returns_429" time="0.016" /><testcase classname="tests.unit.test_auth_router.TestRefreshEndpoint" name="test_refresh_success_returns_new_tokens" time="0.018" /><testcase classname="tests.unit.test_auth_router.TestRefreshEndpoint" name="test_refresh_invalid_token_returns_401" time="0.015" /><testcase classname="tests.unit.test_auth_router.TestRefreshEndpoint" name="test_refresh_replay_detection_returns_401" time="0.013" /><testcase classname="tests.unit.test_auth_router.TestLogoutEndpoint" name="test_logout_authenticated_user_returns_200" time="0.034" /><testcase classname="tests.unit.test_auth_router.TestLogoutEndpoint" name="test_logout_without_token_returns_401" time="0.013" /><testcase classname="tests.unit.test_auth_router.TestRBACEnforcement" name="test_require_admin_returns_403_for_user_role" time="0.010" /><testcase classname="tests.unit.test_auth_router.TestRBACEnforcement" name="test_require_admin_allows_admin_role" time="0.008" /><testcase classname="tests.unit.test_auth_router.TestRBACEnforcement" name="test_require_admin_returns_403_for_premium_role" time="0.007" /><testcase classname="tests.unit.test_auth_service.TestRegistrationValidation" name="test_valid_registration_payload_accepted" time="0.016" /><testcase classname="tests.unit.test_auth_service.TestRegistrationValidation" name="test_password_exactly_12_chars_accepted" time="0.020" /><testcase classname="tests.unit.test_auth_service.TestRegistrationValidation" name="test_password_exactly_128_chars_accepted" time="0.018" /><testcase classname="tests.unit.test_auth_service.TestRegistrationValidation" name="test_password_11_chars_rejected_with_422" time="0.014" /><testcase classname="tests.unit.test_auth_service.TestRegistrationValidation" name="test_password_129_chars_rejected_with_422" time="0.016" /><testcase classname="tests.unit.test_auth_service.TestRegistrationValidation" name="test_empty_password_rejected_with_422" time="0.014" /><testcase classname="tests.unit.test_auth_service.TestRegistrationValidation" name="test_invalid_email_format_rejected_with_422" time="0.027" /><testcase classname="tests.unit.test_auth_service.TestRegistrationValidation" name="test_duplicate_email_returns_409" time="0.016" /><testcase classname="tests.unit.test_auth_service.TestJWTIssuance" name="test_access_token_expires_in_approximately_15_minutes" time="0.006" /><testcase classname="tests.unit.test_auth_service.TestJWTIssuance" name="test_refresh_token_expires_in_approximately_30_days" time="0.005" /><testcase classname="tests.unit.test_auth_service.TestJWTIssuance" name="test_access_token_carries_correct_sub_claim" time="0.005" /><testcase classname="tests.unit.test_auth_service.TestJWTIssuance" name="test_access_token_carries_correct_role_claim" time="0.008" /><testcase classname="tests.unit.test_auth_service.TestJWTIssuance" name="test_access_token_is_verifiable" time="0.005" /><testcase classname="tests.unit.test_auth_service.TestJWTIssuance" name="test_refresh_token_is_opaque_string_not_jwt" time="0.005" /><testcase classname="tests.unit.test_auth_service.TestTokenRotation" name="test_rotation_marks_old_token_as_used" time="0.006" /><testcase classname="tests.unit.test_auth_service.TestTokenRotation" name="test_rotation_new_token_preserves_family_id" time="0.006" /><testcase classname="tests.unit.test_auth_service.TestTokenRotation" name="test_rotation_issues_new_access_and_refresh_tokens" time="0.006" /><testcase classname="tests.unit.test_auth_service.TestTokenRotation" name="test_rotation_returns_correct_role_and_user_id" time="0.008" /><testcase classname="tests.unit.test_auth_service.TestReplayDetection" name="test_replay_raises_token_family_revoked_error" time="0.005" /><testcase classname="tests.unit.test_auth_service.TestReplayDetection" name="test_replay_revokes_entire_family" time="0.006" /><testcase classname="tests.unit.test_auth_service.TestReplayDetection" name="test_replay_does_not_issue_new_tokens" time="0.006" /><testcase classname="tests.unit.test_auth_service.TestReplayDetection" name="test_replay_error_is_security_violation_not_invalid_token" time="0.005" /><testcase classname="tests.unit.test_auth_service.TestRefreshTokenErrorCases" name="test_raises_on_nonexistent_token" time="0.005" /><testcase classname="tests.unit.test_auth_service.TestRefreshTokenErrorCases" name="test_raises_on_revoked_token" time="0.006" /><testcase classname="tests.unit.test_auth_service.TestRefreshTokenErrorCases" name="test_raises_on_expired_token" time="0.005" /><testcase classname="tests.unit.test_auth_service.TestRefreshTokenErrorCases" name="test_raises_on_inactive_user" time="0.006" /><testcase classname="tests.unit.test_auth_service.TestLogout" name="test_logout_revokes_all_tokens_and_returns_count" time="0.005" /><testcase classname="tests.unit.test_auth_service.TestLogout" name="test_logout_with_no_active_tokens_returns_zero" time="0.005" /><testcase classname="tests.unit.test_auth_service.TestLogout" name="test_logout_passes_correct_user_id" time="0.005" /><testcase classname="tests.unit.test_auth_service.TestLogout" name="test_logout_endpoint_returns_200_with_token_count" time="0.018" /><testcase classname="tests.unit.test_auth_service.TestLogout" name="test_logout_without_jwt_returns_401" time="0.019" /><testcase classname="tests.unit.test_auth_service.TestAccountLockoutUnit" name="test_locked_account_returns_429_with_retry_after" time="0.016" /><testcase classname="tests.unit.test_auth_service.TestAccountLockoutUnit" name="test_retry_after_header_value_reflects_lockout_duration" time="0.016" /><testcase classname="tests.unit.test_auth_service.TestAccountLockoutUnit" name="test_failed_attempt_increments_counter" time="0.020" /><testcase classname="tests.unit.test_auth_service.TestAccountLockoutUnit" name="test_successful_login_clears_failed_attempts" time="0.018" /><testcase classname="tests.unit.test_auth_service.TestGoogleOAuth2Unit" name="test_new_google_user_creates_local_record_and_returns_is_new_user_true" time="0.021" /><testcase classname="tests.unit.test_auth_service.TestGoogleOAuth2Unit" name="test_existing_google_user_returns_is_new_user_false" time="0.018" /><testcase classname="tests.unit.test_auth_service.TestGoogleOAuth2Unit" name="test_google_links_to_existing_email_account" time="0.018" /><testcase classname="tests.unit.test_auth_service.TestGoogleOAuth2Unit" name="test_invalid_google_token_returns_401" time="0.018" /><testcase classname="tests.unit.test_auth_service.TestRBACEnforcementUnit" name="test_admin_role_accesses_admin_endpoint" time="0.008" /><testcase classname="tests.unit.test_auth_service.TestRBACEnforcementUnit" name="test_user_role_denied_on_admin_endpoint_returns_403" time="0.008" /><testcase classname="tests.unit.test_auth_service.TestRBACEnforcementUnit" name="test_premium_role_denied_on_admin_endpoint_returns_403" time="0.007" /><testcase classname="tests.unit.test_auth_service.TestRBACEnforcementUnit" name="test_premium_role_accesses_premium_endpoint" time="0.007" /><testcase classname="tests.unit.test_auth_service.TestRBACEnforcementUnit" name="test_admin_role_accesses_premium_endpoint" time="0.007" /><testcase classname="tests.unit.test_auth_service.TestRBACEnforcementUnit" name="test_user_role_denied_on_premium_endpoint_returns_403" time="0.007" /><testcase classname="tests.unit.test_auth_service.TestRBACEnforcementUnit" name="test_no_jwt_returns_401_not_403" time="0.006" /><testcase classname="tests.unit.test_auth_service.TestRBACEnforcementUnit" name="test_require_roles_with_single_role_accepts_matching" time="0.009" /><testcase classname="tests.unit.test_auth_service.TestRBACEnforcementUnit" name="test_require_roles_with_single_role_rejects_other_role" time="0.007" /><testcase classname="tests.unit.test_auth_service.TestAuthServiceIntegration" name="test_full_register_login_refresh_logout_cycle" time="0.026" /><testcase classname="tests.unit.test_auth_service.TestAuthServiceIntegration" name="test_register_then_attempt_duplicate_registration" time="0.019" /><testcase classname="tests.unit.test_auth_service.TestAuthServiceIntegration" name="test_refresh_then_replay_same_token_returns_401" time="0.016" /><testcase classname="tests.unit.test_auth_service.TestAuthServiceIntegration" name="test_access_token_rejected_after_expiry" time="0.008" /><testcase classname="tests.unit.test_auth_service.TestJWTExpiryBoundaries" name="test_access_token_expiry_is_in_future" time="0.003" /><testcase classname="tests.unit.test_auth_service.TestJWTExpiryBoundaries" name="test_refresh_token_expiry_is_in_future" time="0.002" /><testcase classname="tests.unit.test_auth_service.TestJWTExpiryBoundaries" name="test_access_token_expiry_less_than_31_minutes" time="0.002" /><testcase classname="tests.unit.test_auth_service.TestJWTExpiryBoundaries" name="test_refresh_token_expiry_greater_than_29_days" time="0.002" /><testcase classname="tests.unit.test_auth_service.TestJWTExpiryBoundaries" name="test_expired_access_token_raises_on_verification" time="0.002" /><testcase classname="tests.unit.test_auth_service.TestJWTExpiryBoundaries" name="test_access_token_claims_all_present" time="0.002" /><testcase classname="tests.unit.test_auth_service.TestJWTExpiryBoundaries" name="test_two_access_tokens_have_unique_jti" time="0.002" /><testcase classname="tests.unit.test_auth_service_refresh.TestIssueTokensForUser" name="test_returns_expected_types" time="0.006" /><testcase classname="tests.unit.test_auth_service_refresh.TestIssueTokensForUser" name="test_access_token_contains_correct_claims" time="0.005" /><testcase classname="tests.unit.test_auth_service_refresh.TestIssueTokensForUser" name="test_repo_create_called_once" time="0.005" /><testcase classname="tests.unit.test_auth_service_refresh.TestIssueTokensForUser" name="test_repo_create_called_with_no_parent" time="0.004" /><testcase classname="tests.unit.test_auth_service_refresh.TestRefreshTokensHappyPath" name="test_returns_new_tokens_with_expiries" time="0.006" /><testcase classname="tests.unit.test_auth_service_refresh.TestRefreshTokensHappyPath" name="test_old_token_marked_used" time="0.006" /><testcase classname="tests.unit.test_auth_service_refresh.TestRefreshTokensHappyPath" name="test_new_token_persisted_with_same_family" time="0.008" /><testcase classname="tests.unit.test_auth_service_refresh.TestRefreshTokensHappyPath" name="test_new_jwt_has_correct_claims" time="0.006" /><testcase classname="tests.unit.test_auth_service_refresh.TestRefreshTokensReplayDetection" name="test_raises_token_family_revoked_on_replay" time="0.006" /><testcase classname="tests.unit.test_auth_service_refresh.TestRefreshTokensReplayDetection" name="test_revoke_family_called_on_replay" time="0.005" /><testcase classname="tests.unit.test_auth_service_refresh.TestRefreshTokensReplayDetection" name="test_no_new_tokens_issued_on_replay" time="0.005" /><testcase classname="tests.unit.test_auth_service_refresh.TestRefreshTokensErrorCases" name="test_raises_on_nonexistent_token" time="0.007" /><testcase classname="tests.unit.test_auth_service_refresh.TestRefreshTokensErrorCases" name="test_raises_on_revoked_token" time="0.007" /><testcase classname="tests.unit.test_auth_service_refresh.TestRefreshTokensErrorCases" name="test_raises_on_expired_token" time="0.006" /><testcase classname="tests.unit.test_auth_service_refresh.TestRefreshTokensErrorCases" name="test_raises_on_inactive_user" time="0.007" /><testcase classname="tests.unit.test_auth_service_refresh.TestLogoutUser" name="test_delegates_to_revoke_all_for_user" time="0.006" /><testcase classname="tests.unit.test_auth_service_refresh.TestLogoutUser" name="test_returns_zero_when_no_tokens" time="0.005" /><testcase classname="tests.unit.test_celery_workers.TestExponentialBackoff" name="test_countdown_is_power_of_two[0-1]" time="0.002" /><testcase classname="tests.unit.test_celery_workers.TestExponentialBackoff" name="test_countdown_is_power_of_two[1-2]" time="0.003" /><testcase classname="tests.unit.test_celery_workers.TestExponentialBackoff" name="test_countdown_is_power_of_two[2-4]" time="0.003" /><testcase classname="tests.unit.test_celery_workers.TestExponentialBackoff" name="test_countdown_sequence_doubles" time="0.002" /><testcase classname="tests.unit.test_celery_workers.TestExponentialBackoff" name="test_max_retries_is_three" time="0.180" /><testcase classname="tests.unit.test_celery_workers.TestPermanentFailure" name="test_handle_permanent_failure_marks_document_failed" time="0.012" /><testcase classname="tests.unit.test_celery_workers.TestPermanentFailure" name="test_handle_permanent_failure_sets_retry_count_to_three" time="0.013" /><testcase classname="tests.unit.test_celery_workers.TestPermanentFailure" name="test_permanent_failure_sends_fcm_notification" time="0.011" /><testcase classname="tests.unit.test_celery_workers.TestDeliveryNotificationTask" name="test_notification_payload_structure" time="0.003" /><testcase classname="tests.unit.test_celery_workers.TestDeliveryNotificationTask" name="test_send_delivery_notification_correct_topic" time="0.007" /><testcase classname="tests.unit.test_celery_workers.TestBestEffortNotification" name="test_send_delivery_notification_no_raise_when_firebase_missing" time="0.005" /><testcase classname="tests.unit.test_celery_workers.TestBestEffortNotification" name="test_send_delivery_notification_no_raise_on_firebase_error" time="0.006" /><testcase classname="tests.unit.test_celery_workers.TestBestEffortNotification" name="test_task_wrapper_swallows_all_exceptions" time="0.003" /><testcase classname="tests.unit.test_celery_workers.TestBestEffortNotification" name="test_max_retries_is_two_for_notification_task" time="0.002" /><testcase classname="tests.unit.test_celery_workers.TestCeleryMetrics" name="test_metrics_module_exports_required_symbols" time="0.005" /><testcase classname="tests.unit.test_celery_workers.TestCeleryMetrics" name="test_on_task_failure_increments_counter" time="0.003" /><testcase classname="tests.unit.test_celery_workers.TestCeleryMetrics" name="test_on_task_success_increments_counter" time="0.002" /><testcase classname="tests.unit.test_celery_workers.TestCeleryMetrics" name="test_on_task_failure_different_tasks_have_independent_counters" time="0.003" /><testcase classname="tests.unit.test_celery_workers.TestCeleryMetrics" name="test_setup_celery_metrics_connects_signals" time="0.002" /><testcase classname="tests.unit.test_celery_workers.TestCeleryMetrics" name="test_metrics_registry_is_collector_registry" time="0.003" /><testcase classname="tests.unit.test_celery_workers.TestCeleryMetrics" name="test_celery_queue_depth_is_gauge" time="0.002" /><testcase classname="tests.unit.test_celery_workers.TestCeleryMetrics" name="test_celery_active_tasks_is_gauge" time="0.002" /><testcase classname="tests.unit.test_celery_workers.TestCeleryAppConfig" name="test_notification_worker_in_include" time="0.002" /><testcase classname="tests.unit.test_celery_workers.TestCeleryAppConfig" name="test_rag_worker_in_include" time="0.002" /><testcase classname="tests.unit.test_celery_workers.TestCeleryAppConfig" name="test_rag_task_route_to_ingestion_queue" time="0.003" /><testcase classname="tests.unit.test_celery_workers.TestCeleryAppConfig" name="test_notification_task_route_to_notifications_queue" time="0.002" /><testcase classname="tests.unit.test_code_router.TestCodeAnalyzeHappyPath" name="test_explain_returns_200" time="0.016" /><testcase classname="tests.unit.test_code_router.TestCodeAnalyzeHappyPath" name="test_fix_bug_returns_200" time="0.012" /><testcase classname="tests.unit.test_code_router.TestCodeAnalyzeHappyPath" name="test_generate_tests_returns_200" time="0.014" /><testcase classname="tests.unit.test_code_router.TestResponseSchema" name="test_language_id_echoed" time="0.011" /><testcase classname="tests.unit.test_code_router.TestResponseSchema" name="test_original_code_echoed" time="0.015" /><testcase classname="tests.unit.test_code_router.TestResponseSchema" name="test_action_echoed" time="0.012" /><testcase classname="tests.unit.test_code_router.TestResponseSchema" name="test_content_is_non_empty_string" time="0.012" /><testcase classname="tests.unit.test_code_router.TestResponseSchema" name="test_all_four_fields_present" time="0.012" /><testcase classname="tests.unit.test_code_router.TestAllSupportedLanguages" name="test_language_accepted[kotlin]" time="0.012" /><testcase classname="tests.unit.test_code_router.TestAllSupportedLanguages" name="test_language_accepted[java]" time="0.124" /><testcase classname="tests.unit.test_code_router.TestAllSupportedLanguages" name="test_language_accepted[python]" time="0.011" /><testcase classname="tests.unit.test_code_router.TestAllSupportedLanguages" name="test_language_accepted[javascript]" time="0.010" /><testcase classname="tests.unit.test_code_router.TestAllSupportedLanguages" name="test_language_accepted[cpp]" time="0.011" /><testcase classname="tests.unit.test_code_router.TestAllSupportedLanguages" name="test_language_accepted[sql]" time="0.012" /><testcase classname="tests.unit.test_code_router.TestAllSupportedActions" name="test_action_accepted[explain]" time="0.011" /><testcase classname="tests.unit.test_code_router.TestAllSupportedActions" name="test_action_accepted[fix_bug]" time="0.010" /><testcase classname="tests.unit.test_code_router.TestAllSupportedActions" name="test_action_accepted[generate_tests]" time="0.011" /><testcase classname="tests.unit.test_code_router.TestValidation" name="test_rejects_empty_code" time="0.011" /><testcase classname="tests.unit.test_code_router.TestValidation" name="test_rejects_code_over_100k_chars" time="0.014" /><testcase classname="tests.unit.test_code_router.TestValidation" name="test_rejects_invalid_language_id" time="0.011" /><testcase classname="tests.unit.test_code_router.TestValidation" name="test_rejects_invalid_action" time="0.011" /><testcase classname="tests.unit.test_code_router.TestValidation" name="test_rejects_missing_code" time="0.010" /><testcase classname="tests.unit.test_code_router.TestValidation" name="test_rejects_missing_language_id" time="0.011" /><testcase classname="tests.unit.test_code_router.TestValidation" name="test_rejects_missing_action" time="0.012" /><testcase classname="tests.unit.test_code_router.TestValidation" name="test_rejects_empty_body" time="0.011" /><testcase classname="tests.unit.test_code_router.TestValidation" name="test_accepts_exactly_100k_chars" time="0.026" /><testcase classname="tests.unit.test_code_router.TestPromptInjectionBlocking" name="test_injection_in_code_returns_400" time="0.011" /><testcase classname="tests.unit.test_code_router.TestPromptInjectionBlocking" name="test_injection_response_has_correct_error_code" time="0.012" /><testcase classname="tests.unit.test_code_router.TestPromptInjectionBlocking" name="test_orchestrate_not_called_on_injection" time="0.012" /><testcase classname="tests.unit.test_code_router.TestErrorHandling" name="test_llm_exception_returns_503" time="0.012" /><testcase classname="tests.unit.test_code_router.TestErrorHandling" name="test_timeout_returns_504" time="0.012" /><testcase classname="tests.unit.test_code_router.TestErrorHandling" name="test_503_body_contains_detail" time="0.013" /><testcase classname="tests.unit.test_code_router.TestErrorHandling" name="test_504_body_mentions_timeout" time="0.011" /><testcase classname="tests.unit.test_code_router.TestAuthentication" name="test_missing_jwt_rejected" time="0.008" /><testcase classname="tests.unit.test_code_router.TestAuthentication" name="test_authenticated_request_succeeds" time="0.012" /><testcase classname="tests.unit.test_code_router.TestPromptBuilders" name="test_explain_prompt_mentions_language" time="0.014" /><testcase classname="tests.unit.test_code_router.TestPromptBuilders" name="test_fix_bug_prompt_mentions_fix_comment" time="0.014" /><testcase classname="tests.unit.test_code_router.TestPromptBuilders" name="test_generate_tests_prompt_mentions_aaa" time="0.012" /><testcase classname="tests.unit.test_code_router.TestPromptBuilders" name="test_generate_tests_prompt_mentions_framework" time="0.013" /><testcase classname="tests.unit.test_code_router.TestPromptBuilders" name="test_submitted_code_included_in_prompt" time="0.012" /><testcase classname="tests.unit.test_cost_service.TestGetUserCostSummary" name="test_returns_cost_summary_for_correct_user" time="0.006" /><testcase classname="tests.unit.test_cost_service.TestGetUserCostSummary" name="test_returns_empty_summary_when_no_usage_records" time="0.006" /><testcase classname="tests.unit.test_cost_service.TestGetUserCostSummary" name="test_query_uses_user_id_filter" time="0.007" /><testcase classname="tests.unit.test_cost_service.TestCreateSpendingAlert" name="test_creates_alert_within_limit" time="0.066" /><testcase classname="tests.unit.test_cost_service.TestCreateSpendingAlert" name="test_raises_on_4th_alert_attempt" time="0.006" /><testcase classname="tests.unit.test_cost_service.TestCreateSpendingAlert" name="test_raises_on_threshold_below_minimum" time="0.006" /><testcase classname="tests.unit.test_cost_service.TestCreateSpendingAlert" name="test_raises_on_threshold_above_maximum" time="0.007" /><testcase classname="tests.unit.test_cost_service.TestCreateSpendingAlert" name="test_creates_alert_at_minimum_threshold" time="0.006" /><testcase classname="tests.unit.test_cost_service.TestCreateSpendingAlert" name="test_creates_alert_at_maximum_threshold" time="0.006" /><testcase classname="tests.unit.test_cost_service.TestDeleteSpendingAlert" name="test_returns_true_when_alert_found_and_deleted" time="0.009" /><testcase classname="tests.unit.test_cost_service.TestDeleteSpendingAlert" name="test_returns_false_when_alert_not_found" time="0.005" /><testcase classname="tests.unit.test_cost_service.TestDeleteSpendingAlert" name="test_ownership_enforced_by_user_id_filter" time="0.006" /><testcase classname="tests.unit.test_cost_service.TestListSpendingAlerts" name="test_returns_alerts_for_user" time="0.008" /><testcase classname="tests.unit.test_cost_service.TestListSpendingAlerts" name="test_returns_empty_list_when_no_alerts" time="0.007" /><testcase classname="tests.unit.test_cost_service.TestCheckSpendingAlerts" name="test_triggers_alert_when_cost_exceeds_threshold" time="0.012" /><testcase classname="tests.unit.test_cost_service.TestCheckSpendingAlerts" name="test_does_not_trigger_when_cost_below_threshold" time="0.011" /><testcase classname="tests.unit.test_cost_service.TestCheckSpendingAlerts" name="test_skips_already_triggered_alerts" time="0.009" /><testcase classname="tests.unit.test_cost_service.TestCheckSpendingAlerts" name="test_does_nothing_when_no_alerts" time="0.014" /><testcase classname="tests.unit.test_cost_service.TestCheckSpendingAlerts" name="test_triggers_alert_at_exact_threshold" time="0.014" /><testcase classname="tests.unit.test_cost_service.TestUsageRouterPerUserScoping" name="test_get_cost_returns_403_when_foreign_user_id_supplied" time="0.455" /><testcase classname="tests.unit.test_cost_service.TestUsageRouterPerUserScoping" name="test_get_cost_allows_own_user_id_in_query" time="0.017" /><testcase classname="tests.unit.test_cost_service.TestUsageRouterAlertLimit" name="test_post_alerts_returns_422_when_limit_reached" time="0.019" /><testcase classname="tests.unit.test_cost_service.TestUsageRouterAlertLimit" name="test_delete_alerts_endpoint" time="0.015" /><testcase classname="tests.unit.test_coverage_boost.TestLoginInactiveAccount" name="test_inactive_account_returns_401" time="0.024" /><testcase classname="tests.unit.test_coverage_boost.TestLoginInactiveAccount" name="test_login_success_clears_lockout" time="0.028" /><testcase classname="tests.unit.test_coverage_boost.TestGoogleAuth" name="test_google_auth_existing_user_by_google_id" time="0.022" /><testcase classname="tests.unit.test_coverage_boost.TestGoogleAuth" name="test_google_auth_new_user_created" time="0.024" /><testcase classname="tests.unit.test_coverage_boost.TestGoogleAuth" name="test_google_auth_links_existing_email_account" time="0.172" /><testcase classname="tests.unit.test_coverage_boost.TestGoogleAuth" name="test_google_auth_invalid_token_returns_401" time="0.035" /><testcase classname="tests.unit.test_coverage_boost.TestGoogleAuth" name="test_google_auth_missing_claims_returns_401" time="0.045" /><testcase classname="tests.unit.test_coverage_boost.TestGoogleAuth" name="test_google_auth_disabled_account_returns_401" time="0.038" /><testcase classname="tests.unit.test_coverage_boost.TestEmailServiceNoSmtp" name="test_no_smtp_host_returns_without_sending" time="0.008" /><testcase classname="tests.unit.test_coverage_boost.TestEmailServiceNoSmtp" name="test_no_smtp_host_does_not_call_smtplib" time="0.015" /><testcase classname="tests.unit.test_coverage_boost.TestEmailServiceNoSmtp" name="test_smtp_configured_sends_email" time="0.021" /><testcase classname="tests.unit.test_coverage_boost.TestEmailServiceNoSmtp" name="test_smtp_exception_raises_runtime_error" time="0.017" /><testcase classname="tests.unit.test_coverage_boost.TestEmailServiceNoSmtp" name="test_display_name_fallback_uses_email" time="0.019" /><testcase classname="tests.unit.test_coverage_boost.TestUserRepository" name="test_get_by_email_returns_user" time="0.011" /><testcase classname="tests.unit.test_coverage_boost.TestUserRepository" name="test_get_by_email_returns_none_when_not_found" time="0.010" /><testcase classname="tests.unit.test_coverage_boost.TestUserRepository" name="test_get_by_id_returns_user" time="0.010" /><testcase classname="tests.unit.test_coverage_boost.TestUserRepository" name="test_get_by_google_id_returns_user" time="0.010" /><testcase classname="tests.unit.test_coverage_boost.TestUserRepository" name="test_create_adds_user_and_flushes" time="0.011" /><testcase classname="tests.unit.test_coverage_boost.TestUserRepository" name="test_create_google_user_adds_user_and_flushes" time="0.013" /><testcase classname="tests.unit.test_coverage_boost.TestUserRepository" name="test_update_google_id_links_account" time="0.013" /><testcase classname="tests.unit.test_coverage_boost.TestUserRepository" name="test_update_google_id_returns_none_when_user_not_found" time="0.010" /><testcase classname="tests.unit.test_coverage_boost.TestRefreshTokenRepository" name="test_create_token_adds_and_flushes" time="0.015" /><testcase classname="tests.unit.test_coverage_boost.TestRefreshTokenRepository" name="test_get_by_hash_returns_token" time="0.011" /><testcase classname="tests.unit.test_coverage_boost.TestRefreshTokenRepository" name="test_get_by_hash_returns_none_when_not_found" time="0.011" /><testcase classname="tests.unit.test_coverage_boost.TestRefreshTokenRepository" name="test_mark_used_executes_update" time="0.011" /><testcase classname="tests.unit.test_coverage_boost.TestRefreshTokenRepository" name="test_revoke_executes_update" time="0.014" /><testcase classname="tests.unit.test_coverage_boost.TestRefreshTokenRepository" name="test_revoke_family_returns_row_count" time="0.010" /><testcase classname="tests.unit.test_coverage_boost.TestRefreshTokenRepository" name="test_revoke_all_for_user_returns_row_count" time="0.010" /><testcase classname="tests.unit.test_coverage_boost.TestMessageRepository" name="test_create_message_adds_and_flushes" time="0.010" /><testcase classname="tests.unit.test_coverage_boost.TestMessageRepository" name="test_get_by_conversation_id_returns_messages" time="0.011" /><testcase classname="tests.unit.test_coverage_boost.TestMessageRepository" name="test_get_by_conversation_id_with_limit" time="0.010" /><testcase classname="tests.unit.test_coverage_boost.TestMessageRepository" name="test_get_paginated_returns_messages" time="0.013" /><testcase classname="tests.unit.test_coverage_boost.TestMessageRepository" name="test_count_by_conversation_id" time="0.010" /><testcase classname="tests.unit.test_coverage_boost.TestMessageRepository" name="test_count_tokens_in_conversation" time="0.011" /><testcase classname="tests.unit.test_coverage_boost.TestUpdatePrompt" name="test_admin_can_update_prompt" time="0.034" /><testcase classname="tests.unit.test_coverage_boost.TestUpdatePrompt" name="test_non_admin_cannot_update_prompt" time="0.032" /><testcase classname="tests.unit.test_coverage_boost.TestUpdatePrompt" name="test_update_response_contains_content" time="0.034" /><testcase classname="tests.unit.test_coverage_boost.TestRollbackPrompt" name="test_admin_can_rollback" time="0.029" /><testcase classname="tests.unit.test_coverage_boost.TestRollbackPrompt" name="test_non_admin_cannot_rollback" time="0.030" /><testcase classname="tests.unit.test_coverage_boost.TestRollbackPrompt" name="test_rollback_unknown_version_returns_404" time="0.029" /><testcase classname="tests.unit.test_coverage_boost.TestRollbackPrompt" name="test_rollback_response_contains_new_version_number" time="0.025" /><testcase classname="tests.unit.test_coverage_boost.TestRollbackPrompt" name="test_rollback_invalid_version_number_returns_422" time="0.024" /><testcase classname="tests.unit.test_data_privacy_endpoints.TestDataExportEndpoint" name="test_export_returns_job_id" time="0.013" /><testcase classname="tests.unit.test_data_privacy_endpoints.TestDataExportEndpoint" name="test_export_estimated_completion_is_24_hours_out" time="0.008" /><testcase classname="tests.unit.test_data_privacy_endpoints.TestDataExportEndpoint" name="test_export_unauthenticated_returns_401" time="0.008" /><testcase classname="tests.unit.test_data_privacy_endpoints.TestDataAccountDeleteEndpoint" name="test_delete_correct_email_schedules_deletion" time="0.010" /><testcase classname="tests.unit.test_data_privacy_endpoints.TestDataAccountDeleteEndpoint" name="test_delete_wrong_email_returns_400" time="0.008" /><testcase classname="tests.unit.test_data_privacy_endpoints.TestDataAccountDeleteEndpoint" name="test_delete_unauthenticated_returns_401" time="0.005" /><testcase classname="tests.unit.test_data_privacy_endpoints.TestDataAccountDeleteEndpoint" name="test_delete_email_comparison_is_case_insensitive" time="0.006" /><testcase classname="tests.unit.test_data_privacy_endpoints.TestDataAccountDeleteEndpoint" name="test_delete_estimated_completion_is_72_hours_out" time="0.008" /><testcase classname="tests.unit.test_data_privacy_endpoints.TestApiKeyEncryption" name="test_encrypt_decrypt_round_trip" time="0.043" /><testcase classname="tests.unit.test_data_privacy_endpoints.TestApiKeyEncryption" name="test_encrypt_produces_different_blobs_for_same_plaintext" time="0.038" /><testcase classname="tests.unit.test_data_privacy_endpoints.TestApiKeyEncryption" name="test_plaintext_key_not_in_model_api_key_repr" time="0.004" /><testcase classname="tests.unit.test_data_privacy_endpoints.TestApiKeyEncryption" name="test_empty_plaintext_raises_value_error" time="0.009" /><testcase classname="tests.unit.test_data_privacy_endpoints.TestOutputEncoding" name="test_data_export_response_serialises_uuid_as_string" time="0.003" /><testcase classname="tests.unit.test_data_privacy_endpoints.TestOutputEncoding" name="test_account_deletion_response_serialises_datetime_as_string" time="0.004" /><testcase classname="tests.unit.test_data_privacy_endpoints.TestOutputEncoding" name="test_data_export_response_message_is_safe_string" time="0.003" /><testcase classname="tests.unit.test_data_privacy_endpoints.TestOutputEncoding" name="test_account_deletion_response_message_is_safe_string" time="0.004" /><testcase classname="tests.unit.test_data_privacy_endpoints.TestParameterizedQueries" name="test_export_uses_orm_job_create_not_raw_sql" time="0.052" /><testcase classname="tests.unit.test_data_privacy_endpoints.TestParameterizedQueries" name="test_delete_uses_orm_get_by_id_not_raw_sql" time="0.011" /><testcase classname="tests.unit.test_differential_privacy.TestLaplaceNoiseInjector" name="test_noise_applied_independently_per_dimension" time="0.040" /><testcase classname="tests.unit.test_differential_privacy.TestLaplaceNoiseInjector" name="test_output_length_matches_input" time="0.006" /><testcase classname="tests.unit.test_differential_privacy.TestLaplaceNoiseInjector" name="test_returns_list_of_floats" time="0.004" /><testcase classname="tests.unit.test_differential_privacy.TestLaplaceNoiseInjector" name="test_noise_changes_values" time="0.006" /><testcase classname="tests.unit.test_differential_privacy.TestLaplaceNoiseInjector" name="test_invalid_epsilon_raises_value_error" time="0.003" /><testcase classname="tests.unit.test_differential_privacy.TestLaplaceNoiseInjector" name="test_epsilon_controls_noise_scale" time="0.005" /><testcase classname="tests.unit.test_differential_privacy.TestDefaultEpsilonFromSettings" name="test_default_dp_epsilon_is_1_0" time="0.009" /><testcase classname="tests.unit.test_differential_privacy.TestDefaultEpsilonFromSettings" name="test_get_current_epsilon_returns_settings_default_when_redis_is_none" time="0.010" /><testcase classname="tests.unit.test_differential_privacy.TestDefaultEpsilonFromSettings" name="test_get_current_epsilon_returns_settings_when_redis_returns_none" time="0.009" /><testcase classname="tests.unit.test_differential_privacy.TestGetCurrentEpsilonRedis" name="test_get_current_epsilon_returns_redis_value" time="0.009" /><testcase classname="tests.unit.test_differential_privacy.TestGetCurrentEpsilonRedis" name="test_get_current_epsilon_falls_back_on_redis_error" time="0.007" /><testcase classname="tests.unit.test_differential_privacy.TestAdminEpsilonEndpoint" name="test_put_epsilon_below_minimum_returns_422" time="0.073" /><testcase classname="tests.unit.test_differential_privacy.TestAdminEpsilonEndpoint" name="test_put_epsilon_above_maximum_returns_422" time="0.058" /><testcase classname="tests.unit.test_differential_privacy.TestAdminEpsilonEndpoint" name="test_put_epsilon_valid_value_returns_200_and_sets_redis" time="0.061" /><testcase classname="tests.unit.test_differential_privacy.TestAdminEpsilonEndpoint" name="test_put_epsilon_boundary_minimum_returns_200" time="0.068" /><testcase classname="tests.unit.test_differential_privacy.TestAdminEpsilonEndpoint" name="test_put_epsilon_boundary_maximum_returns_200" time="0.068" /><testcase classname="tests.unit.test_differential_privacy.TestPrivacyBudgetTracking" name="test_store_memory_increments_privacy_budget" time="0.016" /><testcase classname="tests.unit.test_differential_privacy.TestPrivacyBudgetTracking" name="test_store_memory_does_not_increment_when_redis_is_none" time="0.011" /><testcase classname="tests.unit.test_differential_privacy.TestPrivacyBudgetTracking" name="test_store_memory_privacy_mode_skips_budget_increment" time="0.008" /><testcase classname="tests.unit.test_gdpr_endpoints.TestExportEndpoint" name="test_export_authenticated_returns_job_id" time="0.010" /><testcase classname="tests.unit.test_gdpr_endpoints.TestExportEndpoint" name="test_export_unauthenticated_returns_401" time="0.007" /><testcase classname="tests.unit.test_gdpr_endpoints.TestDeleteEndpoint" name="test_delete_email_matches_returns_200" time="0.009" /><testcase classname="tests.unit.test_gdpr_endpoints.TestDeleteEndpoint" name="test_delete_email_mismatch_returns_400" time="0.007" /><testcase classname="tests.unit.test_gdpr_endpoints.TestDeleteEndpoint" name="test_delete_unauthenticated_returns_401" time="0.009" /><testcase classname="tests.unit.test_gdpr_endpoints.TestDeleteEndpoint" name="test_delete_email_case_insensitive" time="0.008" /><testcase classname="tests.unit.test_gdpr_endpoints.TestExportWorker" name="test_export_worker_assembles_all_expected_keys" time="0.026" /><testcase classname="tests.unit.test_gdpr_endpoints.TestDeleteWorker" name="test_delete_worker_calls_db_delete_and_chromadb" time="0.012" /><testcase classname="tests.unit.test_gdpr_endpoints.TestDeleteWorker" name="test_delete_worker_succeeds_without_chromadb" time="0.009" /><testcase classname="tests.unit.test_gdpr_endpoints.TestDeleteWorker" name="test_delete_worker_handles_missing_user_gracefully" time="0.009" /><testcase classname="tests.unit.test_gdpr_endpoints.TestGdprSchemas" name="test_data_export_response_schema" time="0.002" /><testcase classname="tests.unit.test_gdpr_endpoints.TestGdprSchemas" name="test_account_deletion_request_schema" time="0.003" /><testcase classname="tests.unit.test_gdpr_endpoints.TestGdprSchemas" name="test_account_deletion_response_schema" time="0.002" /><testcase classname="tests.unit.test_generation_router.TestResumeGenerate" name="test_returns_200_with_valid_payload" time="0.012" /><testcase classname="tests.unit.test_generation_router.TestResumeGenerate" name="test_response_contains_resume_markdown" time="0.011" /><testcase classname="tests.unit.test_generation_router.TestResumeGenerate" name="test_response_contains_generated_at" time="0.011" /><testcase classname="tests.unit.test_generation_router.TestResumeGenerate" name="test_rejects_missing_work_experience" time="0.010" /><testcase classname="tests.unit.test_generation_router.TestResumeGenerate" name="test_rejects_empty_work_experience" time="0.012" /><testcase classname="tests.unit.test_generation_router.TestResumeGenerate" name="test_rejects_missing_contact_info" time="0.011" /><testcase classname="tests.unit.test_generation_router.TestResumeGenerate" name="test_rejects_missing_job_description" time="0.010" /><testcase classname="tests.unit.test_generation_router.TestResumeGenerate" name="test_returns_503_on_orchestrator_failure" time="0.012" /><testcase classname="tests.unit.test_generation_router.TestCoverLetterGenerate" name="test_returns_200_with_valid_payload" time="0.015" /><testcase classname="tests.unit.test_generation_router.TestCoverLetterGenerate" name="test_response_contains_cover_letter" time="0.013" /><testcase classname="tests.unit.test_generation_router.TestCoverLetterGenerate" name="test_response_contains_word_count" time="0.014" /><testcase classname="tests.unit.test_generation_router.TestCoverLetterGenerate" name="test_word_count_matches_actual_words" time="0.012" /><testcase classname="tests.unit.test_generation_router.TestCoverLetterGenerate" name="test_response_contains_generated_at" time="0.012" /><testcase classname="tests.unit.test_generation_router.TestCoverLetterGenerate" name="test_rejects_missing_job_description" time="0.012" /><testcase classname="tests.unit.test_generation_router.TestCoverLetterGenerate" name="test_rejects_missing_resume_data" time="0.013" /><testcase classname="tests.unit.test_generation_router.TestCoverLetterGenerate" name="test_returns_503_on_orchestrator_failure" time="0.017" /><testcase classname="tests.unit.test_generation_router.TestEmailGenerate" name="test_returns_200_with_valid_payload" time="0.018" /><testcase classname="tests.unit.test_generation_router.TestEmailGenerate" name="test_response_has_all_four_components" time="0.015" /><testcase classname="tests.unit.test_generation_router.TestEmailGenerate" name="test_subject_is_non_empty" time="0.015" /><testcase classname="tests.unit.test_generation_router.TestEmailGenerate" name="test_greeting_is_non_empty" time="0.015" /><testcase classname="tests.unit.test_generation_router.TestEmailGenerate" name="test_body_is_non_empty" time="0.019" /><testcase classname="tests.unit.test_generation_router.TestEmailGenerate" name="test_closing_is_non_empty" time="0.020" /><testcase classname="tests.unit.test_generation_router.TestEmailGenerate" name="test_response_contains_generated_at" time="0.015" /><testcase classname="tests.unit.test_generation_router.TestEmailGenerate" name="test_rejects_missing_context" time="0.014" /><testcase classname="tests.unit.test_generation_router.TestEmailGenerate" name="test_rejects_missing_intent" time="0.015" /><testcase classname="tests.unit.test_generation_router.TestEmailGenerate" name="test_returns_503_on_orchestrator_failure" time="0.015" /><testcase classname="tests.unit.test_generation_router.TestEmailGenerate" name="test_malformed_llm_json_uses_fallback" time="0.017" /><testcase classname="tests.unit.test_generation_router.TestEmailGenerate" name="test_optional_recipient_name" time="0.015" /><testcase classname="tests.unit.test_generation_router.TestEmailGrammar" name="test_returns_200_with_valid_text" time="0.015" /><testcase classname="tests.unit.test_generation_router.TestEmailGrammar" name="test_no_changes_needed_indicator_true" time="0.016" /><testcase classname="tests.unit.test_generation_router.TestEmailGrammar" name="test_diff_empty_when_no_changes" time="0.015" /><testcase classname="tests.unit.test_generation_router.TestEmailGrammar" name="test_no_changes_needed_false_when_corrections_made" time="0.016" /><testcase classname="tests.unit.test_generation_router.TestEmailGrammar" name="test_diff_contains_changes_when_corrections_made" time="0.017" /><testcase classname="tests.unit.test_generation_router.TestEmailGrammar" name="test_diff_items_have_type_and_text" time="0.015" /><testcase classname="tests.unit.test_generation_router.TestEmailGrammar" name="test_corrected_text_present_in_response" time="0.014" /><testcase classname="tests.unit.test_generation_router.TestEmailGrammar" name="test_rejects_missing_text" time="0.014" /><testcase classname="tests.unit.test_generation_router.TestEmailGrammar" name="test_returns_503_on_orchestrator_failure" time="0.017" /><testcase classname="tests.unit.test_generation_router.TestEmailGrammar" name="test_malformed_llm_response_uses_fallback" time="0.017" /><testcase classname="tests.unit.test_generation_router.TestGenerationAuth" name="test_resumes_unauthenticated_rejected" time="0.009" /><testcase classname="tests.unit.test_generation_router.TestGenerationAuth" name="test_covers_unauthenticated_rejected" time="0.013" /><testcase classname="tests.unit.test_generation_router.TestGenerationAuth" name="test_emails_generate_unauthenticated_rejected" time="0.014" /><testcase classname="tests.unit.test_generation_router.TestGenerationAuth" name="test_emails_grammar_unauthenticated_rejected" time="0.014" /><testcase classname="tests.unit.test_health_endpoints.TestHealthEndpoint" name="test_health_returns_200" time="0.006" /><testcase classname="tests.unit.test_health_endpoints.TestHealthEndpoint" name="test_health_returns_status_ok" time="0.005" /><testcase classname="tests.unit.test_health_endpoints.TestReadyEndpoint" name="test_ready_returns_200_when_both_healthy" time="0.007" /><testcase classname="tests.unit.test_health_endpoints.TestReadyEndpoint" name="test_ready_body_when_both_healthy" time="0.006" /><testcase classname="tests.unit.test_health_endpoints.TestReadyEndpoint" name="test_ready_returns_503_when_db_unreachable" time="0.009" /><testcase classname="tests.unit.test_health_endpoints.TestReadyEndpoint" name="test_ready_body_when_db_unreachable" time="0.007" /><testcase classname="tests.unit.test_health_endpoints.TestReadyEndpoint" name="test_ready_returns_503_when_redis_unreachable" time="0.005" /><testcase classname="tests.unit.test_health_endpoints.TestReadyEndpoint" name="test_ready_body_when_redis_unreachable" time="0.006" /><testcase classname="tests.unit.test_health_endpoints.TestReadyEndpoint" name="test_ready_returns_503_when_both_unreachable" time="0.005" /><testcase classname="tests.unit.test_health_endpoints.TestReadyEndpoint" name="test_ready_body_when_both_unreachable" time="0.006" /><testcase classname="tests.unit.test_images_router.TestImageFormatValidation" name="test_rejects_unsupported_format_gif" time="0.020" /><testcase classname="tests.unit.test_images_router.TestImageFormatValidation" name="test_rejects_plain_text" time="0.016" /><testcase classname="tests.unit.test_images_router.TestImageFormatValidation" name="test_rejects_pdf" time="0.016" /><testcase classname="tests.unit.test_images_router.TestImageFormatValidation" name="test_accepts_jpeg_content_type" time="0.028" /><testcase classname="tests.unit.test_images_router.TestImageFormatValidation" name="test_accepts_png_content_type" time="0.020" /><testcase classname="tests.unit.test_images_router.TestImageSizeValidation" name="test_rejects_oversized_file" time="0.056" /><testcase classname="tests.unit.test_images_router.TestImageSizeValidation" name="test_accepts_file_at_boundary" time="0.020" /><testcase classname="tests.unit.test_images_router.TestImageDimensionValidation" name="test_rejects_oversized_dimensions" time="0.018" /><testcase classname="tests.unit.test_images_router.TestImageDimensionValidation" name="test_rejects_tall_image" time="0.019" /><testcase classname="tests.unit.test_images_router.TestImageDimensionValidation" name="test_accepts_max_allowed_dimensions" time="0.018" /><testcase classname="tests.unit.test_images_router.TestOCRNoTextFound" name="test_no_text_found_true_when_empty_ocr" time="0.017" /><testcase classname="tests.unit.test_images_router.TestOCRNoTextFound" name="test_no_text_found_false_when_text_detected" time="0.015" /><testcase classname="tests.unit.test_images_router.TestOCRNoTextFound" name="test_bounding_boxes_returned_for_detected_text" time="0.016" /><testcase classname="tests.unit.test_images_router.TestVisionAnalysis" name="test_no_vision_provider_error_for_unsupported_provider" time="0.018" /><testcase classname="tests.unit.test_images_router.TestVisionAnalysis" name="test_vision_analysis_returned_when_provider_capable" time="0.016" /><testcase classname="tests.unit.test_images_router.TestVisionAnalysis" name="test_prompt_required_for_vision_analysis" time="0.015" /><testcase classname="tests.unit.test_images_router.TestImageResponseSchema" name="test_response_has_required_fields" time="0.016" /><testcase classname="tests.unit.test_input_sanitizer.TestDetectXss" name="test_clean_text_returns_false" time="0.002" /><testcase classname="tests.unit.test_input_sanitizer.TestDetectXss" name="test_script_tag_detected" time="0.002" /><testcase classname="tests.unit.test_input_sanitizer.TestDetectXss" name="test_script_tag_with_attributes_detected" time="0.004" /><testcase classname="tests.unit.test_input_sanitizer.TestDetectXss" name="test_closing_script_tag_detected" time="0.004" /><testcase classname="tests.unit.test_input_sanitizer.TestDetectXss" name="test_closing_script_tag_with_trailing_space_detected" time="0.002" /><testcase classname="tests.unit.test_input_sanitizer.TestDetectXss" name="test_javascript_colon_detected" time="0.002" /><testcase classname="tests.unit.test_input_sanitizer.TestDetectXss" name="test_javascript_colon_case_insensitive" time="0.002" /><testcase classname="tests.unit.test_input_sanitizer.TestDetectXss" name="test_vbscript_colon_detected" time="0.003" /><testcase classname="tests.unit.test_input_sanitizer.TestDetectXss" name="test_data_uri_base64_detected" time="0.002" /><testcase classname="tests.unit.test_input_sanitizer.TestDetectXss" name="test_inline_event_handler_detected" time="0.004" /><testcase classname="tests.unit.test_input_sanitizer.TestDetectXss" name="test_onclick_event_detected" time="0.004" /><testcase classname="tests.unit.test_input_sanitizer.TestDetectXss" name="test_iframe_tag_detected" time="0.003" /><testcase classname="tests.unit.test_input_sanitizer.TestDetectXss" name="test_embed_tag_detected" time="0.002" /><testcase classname="tests.unit.test_input_sanitizer.TestDetectXss" name="test_css_expression_detected" time="0.002" /><testcase classname="tests.unit.test_input_sanitizer.TestDetectXss" name="test_html_encoded_lt_numeric_detected" time="0.002" /><testcase classname="tests.unit.test_input_sanitizer.TestDetectXss" name="test_html_encoded_lt_hex_detected" time="0.003" /><testcase classname="tests.unit.test_input_sanitizer.TestDetectXss" name="test_empty_string_returns_false" time="0.004" /><testcase classname="tests.unit.test_input_sanitizer.TestDetectXss" name="test_markdown_content_is_clean" time="0.002" /><testcase classname="tests.unit.test_input_sanitizer.TestDetectXss" name="test_sql_keywords_alone_do_not_trigger_xss" time="0.002" /><testcase classname="tests.unit.test_input_sanitizer.TestDetectXss" name="test_form_tag_detected" time="0.004" /><testcase classname="tests.unit.test_input_sanitizer.TestDetectXss" name="test_object_tag_detected" time="0.002" /><testcase classname="tests.unit.test_input_sanitizer.TestDetectSqlInjection" name="test_clean_text_returns_false" time="0.002" /><testcase classname="tests.unit.test_input_sanitizer.TestDetectSqlInjection" name="test_empty_string_returns_false" time="0.002" /><testcase classname="tests.unit.test_input_sanitizer.TestDetectSqlInjection" name="test_union_select_detected" time="0.002" /><testcase classname="tests.unit.test_input_sanitizer.TestDetectSqlInjection" name="test_or_tautology_numeric_detected" time="0.003" /><testcase classname="tests.unit.test_input_sanitizer.TestDetectSqlInjection" name="test_drop_table_after_semicolon_detected" time="0.002" /><testcase classname="tests.unit.test_input_sanitizer.TestDetectSqlInjection" name="test_delete_after_semicolon_detected" time="0.003" /><testcase classname="tests.unit.test_input_sanitizer.TestDetectSqlInjection" name="test_sleep_blind_injection_detected" time="0.002" /><testcase classname="tests.unit.test_input_sanitizer.TestDetectSqlInjection" name="test_waitfor_delay_detected" time="0.002" /><testcase classname="tests.unit.test_input_sanitizer.TestDetectSqlInjection" name="test_benchmark_detected" time="0.004" /><testcase classname="tests.unit.test_input_sanitizer.TestDetectSqlInjection" name="test_xp_cmdshell_detected" time="0.002" /><testcase classname="tests.unit.test_input_sanitizer.TestDetectSqlInjection" name="test_extractvalue_detected" time="0.002" /><testcase classname="tests.unit.test_input_sanitizer.TestDetectSqlInjection" name="test_null_byte_detected" time="0.003" /><testcase classname="tests.unit.test_input_sanitizer.TestDetectSqlInjection" name="test_or_string_tautology_detected" time="0.004" /><testcase classname="tests.unit.test_input_sanitizer.TestDetectSqlInjection" name="test_comment_after_quote_detected" time="0.003" /><testcase classname="tests.unit.test_input_sanitizer.TestDetectSqlInjection" name="test_normal_apostrophe_in_name_is_clean" time="0.004" /><testcase classname="tests.unit.test_input_sanitizer.TestDetectSqlInjection" name="test_select_keyword_alone_is_clean" time="0.004" /><testcase classname="tests.unit.test_input_sanitizer.TestDetectSqlInjection" name="test_boolean_injection_detected" time="0.004" /><testcase classname="tests.unit.test_input_sanitizer.TestSanitizeString" name="test_clean_string_returned_unchanged" time="0.006" /><testcase classname="tests.unit.test_input_sanitizer.TestSanitizeString" name="test_empty_string_returned_unchanged" time="0.004" /><testcase classname="tests.unit.test_input_sanitizer.TestSanitizeString" name="test_html_tags_stripped" time="0.004" /><testcase classname="tests.unit.test_input_sanitizer.TestSanitizeString" name="test_html_entity_decoded_after_stripping" time="0.004" /><testcase classname="tests.unit.test_input_sanitizer.TestSanitizeString" name="test_xss_script_tag_raises_value_error" time="0.004" /><testcase classname="tests.unit.test_input_sanitizer.TestSanitizeString" name="test_xss_javascript_protocol_raises_value_error" time="0.006" /><testcase classname="tests.unit.test_input_sanitizer.TestSanitizeString" name="test_sql_injection_raises_value_error" time="0.004" /><testcase classname="tests.unit.test_input_sanitizer.TestSanitizeString" name="test_sql_drop_table_raises_value_error" time="0.004" /><testcase classname="tests.unit.test_input_sanitizer.TestSanitizeString" name="test_unicode_nfc_normalised" time="0.004" /><testcase classname="tests.unit.test_input_sanitizer.TestSanitizeString" name="test_regular_apostrophe_in_name_is_safe" time="0.004" /><testcase classname="tests.unit.test_input_sanitizer.TestSanitizeString" name="test_markdown_text_is_safe" time="0.004" /><testcase classname="tests.unit.test_input_sanitizer.TestSanitizeUserString" name="test_clean_string_passes_through" time="0.004" /><testcase classname="tests.unit.test_input_sanitizer.TestSanitizeUserString" name="test_non_string_value_passed_through_unchanged" time="0.004" /><testcase classname="tests.unit.test_input_sanitizer.TestSanitizeUserString" name="test_xss_raises_value_error" time="0.004" /><testcase classname="tests.unit.test_input_sanitizer.TestSanitizeUserString" name="test_sql_injection_raises_value_error" time="0.005" /><testcase classname="tests.unit.test_input_sanitizer.TestRegisterRequestValidation" name="test_valid_payload_accepted" time="0.006" /><testcase classname="tests.unit.test_input_sanitizer.TestRegisterRequestValidation" name="test_xss_in_display_name_rejected" time="0.005" /><testcase classname="tests.unit.test_input_sanitizer.TestRegisterRequestValidation" name="test_sql_injection_in_display_name_rejected" time="0.005" /><testcase classname="tests.unit.test_input_sanitizer.TestRegisterRequestValidation" name="test_password_max_length_enforced" time="0.005" /><testcase classname="tests.unit.test_input_sanitizer.TestConversationCreateValidation" name="test_valid_payload_accepted" time="0.006" /><testcase classname="tests.unit.test_input_sanitizer.TestConversationCreateValidation" name="test_xss_in_title_rejected" time="0.003" /><testcase classname="tests.unit.test_input_sanitizer.TestConversationCreateValidation" name="test_title_max_length_enforced" time="0.005" /><testcase classname="tests.unit.test_input_sanitizer.TestTodoCreateValidation" name="test_valid_todo_accepted" time="0.004" /><testcase classname="tests.unit.test_input_sanitizer.TestTodoCreateValidation" name="test_xss_in_title_rejected" time="0.004" /><testcase classname="tests.unit.test_input_sanitizer.TestTodoCreateValidation" name="test_sql_injection_in_description_rejected" time="0.004" /><testcase classname="tests.unit.test_input_sanitizer.TestTodoCreateValidation" name="test_invalid_priority_rejected" time="0.004" /><testcase classname="tests.unit.test_input_sanitizer.TestTodoCreateValidation" name="test_xss_in_tag_rejected" time="0.004" /><testcase classname="tests.unit.test_input_sanitizer.TestTodoCreateValidation" name="test_too_many_tags_rejected" time="0.004" /><testcase classname="tests.unit.test_input_sanitizer.TestDocumentQueryRequestValidation" name="test_valid_query_accepted" time="0.003" /><testcase classname="tests.unit.test_input_sanitizer.TestDocumentQueryRequestValidation" name="test_xss_in_query_rejected" time="0.003" /><testcase classname="tests.unit.test_input_sanitizer.TestDocumentQueryRequestValidation" name="test_query_max_length_enforced" time="0.004" /><testcase classname="tests.unit.test_input_sanitizer.TestHabitCreateValidation" name="test_valid_habit_accepted" time="0.004" /><testcase classname="tests.unit.test_input_sanitizer.TestHabitCreateValidation" name="test_xss_in_name_rejected" time="0.007" /><testcase classname="tests.unit.test_input_sanitizer.TestHabitCreateValidation" name="test_invalid_recurrence_rejected" time="0.004" /><testcase classname="tests.unit.test_input_sanitizer.TestHabitCreateValidation" name="test_target_frequency_bounds_enforced" time="0.004" /><testcase classname="tests.unit.test_input_sanitizer.TestReminderCreateValidation" name="test_valid_reminder_accepted" time="0.004" /><testcase classname="tests.unit.test_input_sanitizer.TestReminderCreateValidation" name="test_xss_in_title_rejected" time="0.004" /><testcase classname="tests.unit.test_input_sanitizer.TestReminderCreateValidation" name="test_sql_injection_in_recurrence_rule_rejected" time="0.004" /><testcase classname="tests.unit.test_input_sanitizer.TestCalendarEventCreateValidation" name="test_valid_event_accepted" time="0.004" /><testcase classname="tests.unit.test_input_sanitizer.TestCalendarEventCreateValidation" name="test_xss_in_description_rejected" time="0.004" /><testcase classname="tests.unit.test_input_sanitizer.TestCalendarEventCreateValidation" name="test_invalid_source_rejected" time="0.003" /><testcase classname="tests.unit.test_input_sanitizer.TestAdminUserUpdateValidation" name="test_valid_action_accepted" time="0.004" /><testcase classname="tests.unit.test_input_sanitizer.TestAdminUserUpdateValidation" name="test_arbitrary_string_rejected" time="0.004" /><testcase classname="tests.unit.test_input_sanitizer.TestAdminUserUpdateValidation" name="test_xss_in_action_rejected" time="0.004" /><testcase classname="tests.unit.test_jwt_handler.TestCreateAccessToken" name="test_returns_tuple" time="0.004" /><testcase classname="tests.unit.test_jwt_handler.TestCreateAccessToken" name="test_sub_matches_user_id" time="0.005" /><testcase classname="tests.unit.test_jwt_handler.TestCreateAccessToken" name="test_role_claim_present" time="0.007" /><testcase classname="tests.unit.test_jwt_handler.TestCreateAccessToken" name="test_jti_is_uuid" time="0.004" /><testcase classname="tests.unit.test_jwt_handler.TestCreateAccessToken" name="test_two_tokens_have_different_jti" time="0.006" /><testcase classname="tests.unit.test_jwt_handler.TestCreateAccessToken" name="test_expiry_is_approximately_15_minutes" time="0.005" /><testcase classname="tests.unit.test_jwt_handler.TestCreateAccessToken" name="test_custom_expiry_override" time="0.006" /><testcase classname="tests.unit.test_jwt_handler.TestVerifyAccessToken" name="test_happy_path" time="0.004" /><testcase classname="tests.unit.test_jwt_handler.TestVerifyAccessToken" name="test_raises_on_expired_token" time="0.004" /><testcase classname="tests.unit.test_jwt_handler.TestVerifyAccessToken" name="test_raises_on_tampered_signature" time="0.005" /><testcase classname="tests.unit.test_jwt_handler.TestVerifyAccessToken" name="test_raises_on_wrong_secret" time="0.005" /><testcase classname="tests.unit.test_jwt_handler.TestVerifyAccessToken" name="test_raises_on_malformed_token" time="0.003" /><testcase classname="tests.unit.test_jwt_handler.TestVerifyAccessToken" name="test_raises_on_missing_required_claim" time="0.003" /><testcase classname="tests.unit.test_jwt_handler.TestCreateRefreshToken" name="test_returns_refresh_token_data" time="0.003" /><testcase classname="tests.unit.test_jwt_handler.TestCreateRefreshToken" name="test_hash_is_sha256_of_raw" time="0.005" /><testcase classname="tests.unit.test_jwt_handler.TestCreateRefreshToken" name="test_hash_length_is_64_chars" time="0.003" /><testcase classname="tests.unit.test_jwt_handler.TestCreateRefreshToken" name="test_expiry_is_approximately_30_days" time="0.005" /><testcase classname="tests.unit.test_jwt_handler.TestCreateRefreshToken" name="test_custom_family_id_is_preserved" time="0.005" /><testcase classname="tests.unit.test_jwt_handler.TestCreateRefreshToken" name="test_new_family_id_when_none_passed" time="0.004" /><testcase classname="tests.unit.test_jwt_handler.TestCreateRefreshToken" name="test_two_tokens_have_different_raw_values" time="0.004" /><testcase classname="tests.unit.test_jwt_handler.TestCreateRefreshToken" name="test_custom_expiry_override" time="0.005" /><testcase classname="tests.unit.test_jwt_handler.TestHashToken" name="test_deterministic" time="0.003" /><testcase classname="tests.unit.test_jwt_handler.TestHashToken" name="test_matches_sha256" time="0.005" /><testcase classname="tests.unit.test_jwt_handler.TestHashToken" name="test_length_64" time="0.005" /><testcase classname="tests.unit.test_jwt_handler.TestHashToken" name="test_different_inputs_produce_different_hashes" time="0.003" /><testcase classname="tests.unit.test_llm_clients.TestRateLimitError" name="test_attributes" time="0.003" /><testcase classname="tests.unit.test_llm_clients.TestRateLimitError" name="test_message_includes_provider" time="0.003" /><testcase classname="tests.unit.test_llm_clients.TestBaseLLMClientHelpers" name="test_get_max_context_tokens_delegates_property" time="0.003" /><testcase classname="tests.unit.test_llm_clients.TestBaseLLMClientHelpers" name="test_get_cost_per_token_returns_dict" time="0.006" /><testcase classname="tests.unit.test_llm_clients.TestBaseLLMClientHelpers" name="test_get_cost_per_token_values_match_properties" time="0.005" /><testcase classname="tests.unit.test_llm_clients.TestBaseLLMClientHelpers" name="test_get_provider_name" time="0.007" /><testcase classname="tests.unit.test_llm_clients.TestProviderRateLimiter" name="test_unlimited_when_limit_is_zero" time="0.009" /><testcase classname="tests.unit.test_llm_clients.TestProviderRateLimiter" name="test_unlimited_when_user_id_is_none" time="0.009" /><testcase classname="tests.unit.test_llm_clients.TestProviderRateLimiter" name="test_allows_request_within_limit" time="0.006" /><testcase classname="tests.unit.test_llm_clients.TestProviderRateLimiter" name="test_raises_rate_limit_error_when_exceeded" time="0.010" /><testcase classname="tests.unit.test_llm_clients.TestProviderRateLimiter" name="test_fail_open_when_redis_unavailable" time="0.009" /><testcase classname="tests.unit.test_llm_clients.TestProviderRateLimiter" name="test_sets_ttl_on_first_request" time="0.007" /><testcase classname="tests.unit.test_llm_clients.TestProviderRateLimiter" name="test_does_not_set_ttl_on_subsequent_requests" time="0.008" /><testcase classname="tests.unit.test_llm_clients.TestOpenAIClient" name="test_provider_name" time="0.003" /><testcase classname="tests.unit.test_llm_clients.TestOpenAIClient" name="test_max_context_tokens" time="0.003" /><testcase classname="tests.unit.test_llm_clients.TestOpenAIClient" name="test_get_max_context_tokens_method" time="0.005" /><testcase classname="tests.unit.test_llm_clients.TestOpenAIClient" name="test_cost_per_input_token" time="0.005" /><testcase classname="tests.unit.test_llm_clients.TestOpenAIClient" name="test_cost_per_output_token" time="0.005" /><testcase classname="tests.unit.test_llm_clients.TestOpenAIClient" name="test_get_cost_per_token" time="0.005" /><testcase classname="tests.unit.test_llm_clients.TestOpenAIClient" name="test_output_more_expensive_than_input" time="0.005" /><testcase classname="tests.unit.test_llm_clients.TestOpenAIClient" name="test_stream_enforces_rate_limit" time="0.008" /><testcase classname="tests.unit.test_llm_clients.TestOpenAIClient" name="test_complete_enforces_rate_limit" time="0.009" /><testcase classname="tests.unit.test_llm_clients.TestOpenAIClient" name="test_raises_on_missing_api_key" time="0.210" /><testcase classname="tests.unit.test_llm_clients.TestGeminiClient" name="test_provider_name" time="0.030" /><testcase classname="tests.unit.test_llm_clients.TestGeminiClient" name="test_max_context_tokens" time="0.006" /><testcase classname="tests.unit.test_llm_clients.TestGeminiClient" name="test_cost_per_input_token" time="0.004" /><testcase classname="tests.unit.test_llm_clients.TestGeminiClient" name="test_cost_per_output_token" time="0.004" /><testcase classname="tests.unit.test_llm_clients.TestGeminiClient" name="test_stream_enforces_rate_limit" time="0.009" /><testcase classname="tests.unit.test_llm_clients.TestClaudeClient" name="test_provider_name" time="0.005" /><testcase classname="tests.unit.test_llm_clients.TestClaudeClient" name="test_max_context_tokens" time="0.006" /><testcase classname="tests.unit.test_llm_clients.TestClaudeClient" name="test_cost_per_input_token" time="0.003" /><testcase classname="tests.unit.test_llm_clients.TestClaudeClient" name="test_cost_per_output_token" time="0.005" /><testcase classname="tests.unit.test_llm_clients.TestClaudeClient" name="test_complete_enforces_rate_limit" time="0.006" /><testcase classname="tests.unit.test_llm_clients.TestOllamaClient" name="test_provider_name" time="0.005" /><testcase classname="tests.unit.test_llm_clients.TestOllamaClient" name="test_base_url_is_local_ollama_endpoint" time="0.005" /><testcase classname="tests.unit.test_llm_clients.TestOllamaClient" name="test_httpx_client_bound_to_local_base_url" time="0.036" /><testcase classname="tests.unit.test_llm_clients.TestOllamaClient" name="test_max_context_tokens" time="0.028" /><testcase classname="tests.unit.test_llm_clients.TestOllamaClient" name="test_zero_cost" time="0.004" /><testcase classname="tests.unit.test_llm_clients.TestOllamaClient" name="test_get_cost_per_token_both_zero" time="0.004" /><testcase classname="tests.unit.test_llm_clients.TestOllamaClient" name="test_stream_enforces_rate_limit" time="0.011" /><testcase classname="tests.unit.test_llm_clients.TestOllamaClient" name="test_complete_enforces_rate_limit" time="0.006" /><testcase classname="tests.unit.test_llm_clients.TestLlamaClient" name="test_provider_name" time="0.003" /><testcase classname="tests.unit.test_llm_clients.TestLlamaClient" name="test_model_is_llama" time="0.003" /><testcase classname="tests.unit.test_llm_clients.TestLlamaClient" name="test_inherits_zero_cost" time="0.003" /><testcase classname="tests.unit.test_llm_clients.TestLlamaClient
[...]
est_safety_service.TestInjectionDetector" name="test_clean_input_does_not_raise" time="0.009" /><testcase classname="tests.unit.test_safety_service.TestInjectionDetector" name="test_injection_raises_prompt_injection_error" time="0.014" /><testcase classname="tests.unit.test_safety_service.TestInjectionDetector" name="test_injection_writes_audit_log_entry" time="0.013" /><testcase classname="tests.unit.test_safety_service.TestInjectionDetector" name="test_audit_log_stores_hash_not_raw_input" time="0.015" /><testcase classname="tests.unit.test_safety_service.TestInjectionDetector" name="test_audit_log_hash_is_sha256_of_sanitised_input" time="0.011" /><testcase classname="tests.unit.test_safety_service.TestInjectionDetector" name="test_audit_log_contains_user_id" time="0.011" /><testcase classname="tests.unit.test_safety_service.TestInjectionDetector" name="test_audit_log_event_type_is_prompt_injection" time="0.010" /><testcase classname="tests.unit.test_safety_service.TestInjectionDetector" name="test_various_injection_patterns_are_detected" time="0.037" /><testcase classname="tests.unit.test_safety_service.TestInjectionDetector" name="test_malformed_user_id_still_writes_audit_log" time="0.008" /><testcase classname="tests.unit.test_safety_service.TestInjectionDetector" name="test_case_insensitive_injection_detected" time="0.009" /><testcase classname="tests.unit.test_security_middleware.TestUnauthenticatedIPRateLimit" name="test_unauthenticated_ip_allows_under_limit" time="0.012" /><testcase classname="tests.unit.test_security_middleware.TestUnauthenticatedIPRateLimit" name="test_unauthenticated_ip_blocks_at_limit_plus_one" time="0.015" /><testcase classname="tests.unit.test_security_middleware.TestUnauthenticatedIPRateLimit" name="test_unauthenticated_ip_429_has_retry_after_header" time="0.012" /><testcase classname="tests.unit.test_security_middleware.TestUnauthenticatedIPRateLimit" name="test_ip_extracted_from_x_forwarded_for" time="0.010" /><testcase classname="tests.unit.test_security_middleware.TestUnauthenticatedIPRateLimit" name="test_ip_falls_back_to_scope_client" time="0.010" /><testcase classname="tests.unit.test_security_middleware.TestUnauthenticatedIPRateLimit" name="test_authenticated_request_bypasses_ip_rate_limit" time="0.010" /><testcase classname="tests.unit.test_security_middleware.TestExtractClientIp" name="test_extracts_first_ip_from_xff" time="0.006" /><testcase classname="tests.unit.test_security_middleware.TestExtractClientIp" name="test_falls_back_to_client_tuple" time="0.003" /><testcase classname="tests.unit.test_security_middleware.TestExtractClientIp" name="test_returns_unknown_when_no_info" time="0.003" /><testcase classname="tests.unit.test_security_middleware.TestExtractClientIp" name="test_single_ip_in_xff" time="0.003" /><testcase classname="tests.unit.test_security_middleware.TestDataResidencyMiddleware" name="test_allows_when_no_region_configured" time="0.008" /><testcase classname="tests.unit.test_security_middleware.TestDataResidencyMiddleware" name="test_allows_matching_region" time="0.009" /><testcase classname="tests.unit.test_security_middleware.TestDataResidencyMiddleware" name="test_rejects_non_matching_region" time="0.009" /><testcase classname="tests.unit.test_security_middleware.TestDataResidencyMiddleware" name="test_allows_missing_header" time="0.010" /><testcase classname="tests.unit.test_security_middleware.TestDataResidencyMiddleware" name="test_get_requests_not_checked" time="0.009" /><testcase classname="tests.unit.test_security_middleware.TestDataResidencyMiddleware" name="test_head_requests_not_checked" time="0.008" /><testcase classname="tests.unit.test_security_middleware.TestDataResidencyMiddleware" name="test_options_requests_not_checked" time="0.010" /><testcase classname="tests.unit.test_security_middleware.TestDataResidencyMiddleware" name="test_put_request_rejected_with_wrong_region" time="0.008" /><testcase classname="tests.unit.test_security_middleware.TestDataResidencyMiddleware" name="test_delete_request_rejected_with_wrong_region" time="0.008" /><testcase classname="tests.unit.test_security_middleware.TestDataResidencyMiddleware" name="test_case_insensitive_region_matching" time="0.008" /><testcase classname="tests.unit.test_security_middleware.TestSendPushNotification" name="test_send_push_success" time="0.006" /><testcase classname="tests.unit.test_security_middleware.TestSendPushNotification" name="test_send_push_skips_when_not_configured" time="0.009" /><testcase classname="tests.unit.test_security_middleware.TestSendPushNotification" name="test_refresh_device_token_success" time="0.007" /><testcase classname="tests.unit.test_security_middleware.TestSendPushNotification" name="test_refresh_device_token_redis_retry_on_failure" time="0.010" /><testcase classname="tests.unit.test_security_utils.TestHashPassword" name="test_returns_non_empty_string" time="0.415" /><testcase classname="tests.unit.test_security_utils.TestHashPassword" name="test_raises_on_empty_string" time="0.005" /><testcase classname="tests.unit.test_security_utils.TestHashPassword" name="test_two_hashes_of_same_password_differ" time="0.658" /><testcase classname="tests.unit.test_security_utils.TestHashPassword" name="test_hash_starts_with_bcrypt_prefix" time="0.317" /><testcase classname="tests.unit.test_security_utils.TestVerifyPassword" name="test_correct_password_returns_true" time="0.647" /><testcase classname="tests.unit.test_security_utils.TestVerifyPassword" name="test_wrong_password_returns_false" time="0.598" /><testcase classname="tests.unit.test_security_utils.TestVerifyPassword" name="test_empty_plaintext_returns_false" time="0.310" /><testcase classname="tests.unit.test_security_utils.TestVerifyPassword" name="test_empty_hash_returns_false" time="0.003" /><testcase classname="tests.unit.test_security_utils.TestVerifyPassword" name="test_malformed_hash_returns_false" time="0.003" /><testcase classname="tests.unit.test_security_utils.TestEncryptDecryptApiKey" name="test_round_trip" time="0.003" /><testcase classname="tests.unit.test_security_utils.TestEncryptDecryptApiKey" name="test_encrypt_raises_on_empty_string" time="0.003" /><testcase classname="tests.unit.test_security_utils.TestEncryptDecryptApiKey" name="test_two_encryptions_produce_different_blobs" time="0.003" /><testcase classname="tests.unit.test_security_utils.TestEncryptDecryptApiKey" name="test_encrypted_blob_starts_with_nonce" time="0.003" /><testcase classname="tests.unit.test_security_utils.TestEncryptDecryptApiKey" name="test_decrypt_raises_on_too_short_blob" time="0.003" /><testcase classname="tests.unit.test_security_utils.TestEncryptDecryptApiKey" name="test_decrypt_raises_on_tampered_blob" time="0.002" /><testcase classname="tests.unit.test_security_utils.TestEncryptDecryptApiKey" name="test_no_aes_key_raises_value_error" time="0.003" /><testcase classname="tests.unit.test_semantic_search.TestUserScoping" name="test_only_user_scoped_collections_are_queried" time="0.011" /><testcase classname="tests.unit.test_semantic_search.TestThresholdFiltering" name="test_results_below_threshold_are_excluded" time="0.009" /><testcase classname="tests.unit.test_semantic_search.TestThresholdFiltering" name="test_all_results_above_threshold_have_score_ge_0_5" time="0.009" /><testcase classname="tests.unit.test_semantic_search.TestThresholdFiltering" name="test_no_results_above_threshold_returns_empty_list" time="0.009" /><testcase classname="tests.unit.test_semantic_search.TestEmptyGroupOmission" name="test_nonexistent_collection_is_skipped" time="0.008" /><testcase classname="tests.unit.test_semantic_search.TestEmptyGroupOmission" name="test_empty_collection_is_skipped" time="0.011" /><testcase classname="tests.unit.test_semantic_search.TestEmptyGroupOmission" name="test_source_types_with_no_results_are_absent_from_output" time="0.010" /><testcase classname="tests.unit.test_semantic_search.TestResponseSLA" name="test_response_within_3_seconds_with_100k_entries" time="0.010" /><testcase classname="tests.unit.test_semantic_search.TestResponseSLA" name="test_relevance_score_is_rounded_to_2_decimal_places" time="0.009" /><testcase classname="tests.unit.test_semantic_search.TestResponseSLA" name="test_excerpt_truncated_to_300_chars" time="0.009" /><testcase classname="tests.unit.test_semantic_search.TestResponseSLA" name="test_deep_link_format_is_correct" time="0.009" /><testcase classname="tests.unit.test_startup_validation.TestStartupValidation" name="test_exits_with_code_1_when_var_missing[SECRET_KEY]" time="0.009" /><testcase classname="tests.unit.test_startup_validation.TestStartupValidation" name="test_exits_with_code_1_when_var_missing[DATABASE_URL]" time="0.011" /><testcase classname="tests.unit.test_startup_validation.TestStartupValidation" name="test_exits_with_code_1_when_var_missing[REDIS_URL]" time="0.008" /><testcase classname="tests.unit.test_startup_validation.TestStartupValidation" name="test_exits_with_code_1_when_var_missing[AES_ENCRYPTION_KEY]" time="0.008" /><testcase classname="tests.unit.test_startup_validation.TestStartupValidation" name="test_logs_missing_variable_name[SECRET_KEY]" time="0.011" /><testcase classname="tests.unit.test_startup_validation.TestStartupValidation" name="test_logs_missing_variable_name[DATABASE_URL]" time="0.008" /><testcase classname="tests.unit.test_startup_validation.TestStartupValidation" name="test_logs_missing_variable_name[REDIS_URL]" time="0.008" /><testcase classname="tests.unit.test_startup_validation.TestStartupValidation" name="test_logs_missing_variable_name[AES_ENCRYPTION_KEY]" time="0.008" /><testcase classname="tests.unit.test_startup_validation.TestStartupValidation" name="test_does_not_exit_when_all_vars_present" time="0.005" /><testcase classname="tests.unit.test_startup_validation.TestStartupValidation" name="test_exits_with_code_1_when_var_is_whitespace_only" time="0.008" /><testcase classname="tests.unit.test_startup_validation.TestStartupValidation" name="test_aes_key_absence_causes_exit" time="0.009" /><testcase classname="tests.unit.test_startup_validation.TestStartupValidation" name="test_aes_key_absence_logged" time="0.010" /><testcase classname="tests.unit.test_startup_validation.TestGetMissingEnvVars" name="test_returns_empty_list_when_all_present" time="0.006" /><testcase classname="tests.unit.test_startup_validation.TestGetMissingEnvVars" name="test_returns_missing_var_name[SECRET_KEY]" time="0.008" /><testcase classname="tests.unit.test_startup_validation.TestGetMissingEnvVars" name="test_returns_missing_var_name[DATABASE_URL]" time="0.008" /><testcase classname="tests.unit.test_startup_validation.TestGetMissingEnvVars" name="test_returns_missing_var_name[REDIS_URL]" time="0.007" /><testcase classname="tests.unit.test_startup_validation.TestGetMissingEnvVars" name="test_returns_missing_var_name[AES_ENCRYPTION_KEY]" time="0.008" /><testcase classname="tests.unit.test_startup_validation.TestGetMissingEnvVars" name="test_returns_multiple_missing_vars" time="0.007" /><testcase classname="tests.unit.test_startup_validation.TestGetMissingEnvVars" name="test_whitespace_only_value_is_missing" time="0.008" /><testcase classname="tests.unit.test_transcription_router.TestTranscriptionFormatValidation" name="test_accepts_valid_audio_formats[meeting.mp3-audio/mpeg]" time="0.016" /><testcase classname="tests.unit.test_transcription_router.TestTranscriptionFormatValidation" name="test_accepts_valid_audio_formats[meeting.wav-audio/wav]" time="0.013" /><testcase classname="tests.unit.test_transcription_router.TestTranscriptionFormatValidation" name="test_accepts_valid_audio_formats[meeting.m4a-audio/x-m4a]" time="0.013" /><testcase classname="tests.unit.test_transcription_router.TestTranscriptionFormatValidation" name="test_accepts_valid_audio_formats[meeting.ogg-audio/ogg]" time="0.012" /><testcase classname="tests.unit.test_transcription_router.TestTranscriptionFormatValidation" name="test_accepts_valid_audio_formats[meeting.webm-audio/webm]" time="0.012" /><testcase classname="tests.unit.test_transcription_router.TestTranscriptionFormatValidation" name="test_rejects_unsupported_formats[video.mp4-video/mp4]" time="0.012" /><testcase classname="tests.unit.test_transcription_router.TestTranscriptionFormatValidation" name="test_rejects_unsupported_formats[doc.pdf-application/pdf]" time="0.013" /><testcase classname="tests.unit.test_transcription_router.TestTranscriptionFormatValidation" name="test_rejects_unsupported_formats[image.jpg-image/jpeg]" time="0.012" /><testcase classname="tests.unit.test_transcription_router.TestTranscriptionFormatValidation" name="test_rejects_unsupported_formats[data.txt-text/plain]" time="0.012" /><testcase classname="tests.unit.test_transcription_router.TestTranscriptionFormatValidation" name="test_rejects_avi_by_extension" time="0.011" /><testcase classname="tests.unit.test_transcription_router.TestTranscriptionSizeValidation" name="test_rejects_file_over_100mb" time="0.545" /><testcase classname="tests.unit.test_transcription_router.TestTranscriptionSizeValidation" name="test_accepts_small_file" time="0.022" /><testcase classname="tests.unit.test_transcription_router.TestTranscriptionResponseStructure" name="test_response_contains_transcript_list" time="0.012" /><testcase classname="tests.unit.test_transcription_router.TestTranscriptionResponseStructure" name="test_response_contains_language" time="0.011" /><testcase classname="tests.unit.test_transcription_router.TestTranscriptionResponseStructure" name="test_response_contains_duration_seconds" time="0.013" /><testcase classname="tests.unit.test_transcription_router.TestTranscriptionResponseStructure" name="test_transcript_segments_have_timestamp_speaker_text" time="0.017" /><testcase classname="tests.unit.test_transcription_router.TestTranscriptionResponseStructure" name="test_speaker_attribution_present" time="0.017" /><testcase classname="tests.unit.test_transcription_router.TestTranscriptionResponseStructure" name="test_language_echoed_from_request" time="0.012" /><testcase classname="tests.unit.test_transcription_router.TestTranscriptionResponseStructure" name="test_default_language_is_en" time="0.011" /><testcase classname="tests.unit.test_transcription_router.TestTranscriptionAuth" name="test_unauthenticated_request_rejected" time="0.009" /><testcase classname="tests.unit.test_translation_router.TestTranslationInputValidation" name="test_rejects_text_over_10000_chars" time="0.013" /><testcase classname="tests.unit.test_translation_router.TestTranslationInputValidation" name="test_accepts_text_at_10000_chars" time="0.010" /><testcase classname="tests.unit.test_translation_router.TestTranslationInputValidation" name="test_rejects_missing_required_fields" time="0.009" /><testcase classname="tests.unit.test_translation_router.TestTranslationInputValidation" name="test_requires_text_field" time="0.009" /><testcase classname="tests.unit.test_translation_router.TestOfflineTranslation" name="test_offline_mode_returns_200" time="0.011" /><testcase classname="tests.unit.test_translation_router.TestOfflineTranslation" name="test_offline_mode_sets_offline_mode_true" time="0.010" /><testcase classname="tests.unit.test_translation_router.TestOfflineTranslation" name="test_offline_mode_provider_is_offline_label" time="0.010" /><testcase classname="tests.unit.test_translation_router.TestOfflineTranslation" name="test_offline_mode_includes_source_text_in_response" time="0.010" /><testcase classname="tests.unit.test_translation_router.TestOfflineTranslation" name="test_offline_mode_does_not_call_ai_orchestrator" time="0.018" /><testcase classname="tests.unit.test_translation_router.TestOfflineTranslation" name="test_offline_mode_echoes_language_pair" time="0.010" /><testcase classname="tests.unit.test_translation_router.TestOnlineTranslation" name="test_online_mode_calls_ai_orchestrator" time="0.013" /><testcase classname="tests.unit.test_translation_router.TestOnlineTranslation" name="test_online_mode_sets_offline_mode_false" time="0.013" /><testcase classname="tests.unit.test_translation_router.TestOnlineTranslation" name="test_online_mode_returns_translated_text" time="0.014" /><testcase classname="tests.unit.test_translation_router.TestOnlineTranslation" name="test_online_mode_returns_503_on_orchestrator_failure" time="0.030" /><testcase classname="tests.unit.test_translation_router.TestOnlineTranslation" name="test_online_mode_echoes_language_pair" time="0.018" /><testcase classname="tests.unit.test_translation_router.TestTranslationResponseSchema" name="test_offline_response_has_required_fields" time="0.208" /><testcase classname="tests.unit.test_translation_router.TestTranslationResponseSchema" name="test_online_response_has_required_fields" time="0.012" /><testcase classname="tests.unit.test_translation_router.TestTranslationAuth" name="test_unauthenticated_request_rejected" time="0.012" /><testcase classname="tests.unit.test_websocket_router.TestWebSocketAuth" name="test_missing_token_closes_with_4001" time="0.013" /><testcase classname="tests.unit.test_websocket_router.TestWebSocketAuth" name="test_invalid_token_closes_with_4001" time="0.010" /><testcase classname="tests.unit.test_websocket_router.TestWebSocketAuth" name="test_expired_token_closes_with_4001" time="0.009" /><testcase classname="tests.unit.test_websocket_router.TestWebSocketAuth" name="test_valid_token_accepts_connection" time="0.016" /><testcase classname="tests.unit.test_websocket_router.TestHeartbeatMonitor" name="test_ping_sent_after_interval" time="0.169" /><testcase classname="tests.unit.test_websocket_router.TestHeartbeatMonitor" name="test_closes_connection_on_pong_timeout" time="0.111" /><testcase classname="tests.unit.test_websocket_router.TestHeartbeatMonitor" name="test_no_close_when_pong_received_in_time" time="0.125" /><testcase classname="tests.unit.test_websocket_router.TestTokenBuffer" name="test_flush_token_buffer_delivers_tokens" time="0.009" /><testcase classname="tests.unit.test_websocket_router.TestTokenBuffer" name="test_flush_token_buffer_clears_redis" time="0.024" /><testcase classname="tests.unit.test_websocket_router.TestTokenBuffer" name="test_flush_token_buffer_noop_when_empty" time="0.007" /><testcase classname="tests.unit.test_websocket_router.TestTokenBuffer" name="test_buffer_token_uses_pipeline" time="0.006" /><testcase classname="tests.unit.test_websocket_router.TestTokenBuffer" name="test_buffer_key_format" time="0.002" /><testcase classname="tests.unit.test_websocket_router.TestStructuredEvents" name="test_token_event_schema" time="0.004" /><testcase classname="tests.unit.test_websocket_router.TestStructuredEvents" name="test_done_event_schema" time="0.004" /><testcase classname="tests.unit.test_websocket_router.TestStructuredEvents" name="test_error_event_schema" time="0.004" /><testcase classname="tests.unit.test_websocket_router.TestStructuredEvents" name="test_tool_call_event_schema" time="0.004" /><testcase classname="tests.unit.test_websocket_router.TestBufferingWebSocketProxy" name="test_switches_to_buffering_on_disconnect" time="0.009" /><testcase classname="tests.unit.test_websocket_router.TestBufferingWebSocketProxy" name="test_non_token_events_dropped_after_disconnect" time="0.006" /><testcase classname="tests.unit.test_websocket_router.TestAuthenticateWebSocket" name="test_raises_on_none_token" time="0.004" /><testcase classname="tests.unit.test_websocket_router.TestAuthenticateWebSocket" name="test_raises_on_empty_token" time="0.004" /><testcase classname="tests.unit.test_websocket_router.TestAuthenticateWebSocket" name="test_raises_on_invalid_jwt" time="0.006" /><testcase classname="tests.unit.test_websocket_router.TestAuthenticateWebSocket" name="test_returns_payload_for_valid_token" time="0.007" /><testcase classname="tests.unit.test_websocket_router.TestAuthenticateWebSocket" name="test_raises_on_revoked_jti" time="0.012" /></testsuite></testsuites>